[2016.06.28-18.36.27:911][  0]Log file open, 06/28/16 19:36:27
[2016.06.28-18.36.27:912][  0]LogInit:Display: Running engine for game: dedi3p
[2016.06.28-18.36.27:912][  0]LogInit:Display: RandInit(233203813) SRandInit(233203813).
[2016.06.28-18.36.27:912][  0]LogTaskGraph: Started task graph with 4 named threads and 8 total threads.
[2016.06.28-18.36.27:912][  0]LogStats: Stats thread started
[2016.06.28-18.36.27:912][  0]LogInit: Version: 4.8.3-2634408+++depot+UE4-Releases+4.8
[2016.06.28-18.36.27:912][  0]LogInit: API Version: 2579680
[2016.06.28-18.36.27:912][  0]LogInit: Compiled (64-bit): Jul 27 2015 16:24:33
[2016.06.28-18.36.27:912][  0]LogInit: Compiled with Visual C++: 18.00.21005.01
[2016.06.28-18.36.27:912][  0]LogInit: Build Configuration: Development
[2016.06.28-18.36.27:912][  0]LogInit: Branch Name: ++depot+UE4-Releases+4.8
[2016.06.28-18.36.27:912][  0]LogInit: Command line: 
[2016.06.28-18.36.27:912][  0]LogInit: Base directory: D:/Program Files/Epic Games/4.8/Engine/Binaries/Win64/
[2016.06.28-18.36.27:912][  0]LogInit: Rocket: 1
[2016.06.28-18.36.27:921][  0]LogInit: Using libcurl 7.41.0
[2016.06.28-18.36.27:921][  0]LogInit:  - built for x86_64-pc-win32
[2016.06.28-18.36.27:921][  0]LogInit:  - supports SSL with WinSSL
[2016.06.28-18.36.27:921][  0]LogInit:  - other features:
[2016.06.28-18.36.27:921][  0]LogInit:      CURL_VERSION_SSL
[2016.06.28-18.36.27:921][  0]LogInit:      CURL_VERSION_IPV6
[2016.06.28-18.36.27:921][  0]LogInit:      CURL_VERSION_ASYNCHDNS
[2016.06.28-18.36.27:921][  0]LogInit:      CURL_VERSION_LARGEFILE
[2016.06.28-18.36.27:921][  0]LogInit:      CURL_VERSION_IDN
[2016.06.28-18.36.27:921][  0]LogInit:  CurlRequestOptions (configurable via config and command line):
[2016.06.28-18.36.27:921][  0]LogInit:  - bVerifyPeer = true  - Libcurl will verify peer certificate
[2016.06.28-18.36.27:921][  0]LogInit:  - bUseHttpProxy = false  - Libcurl will NOT use HTTP proxy
[2016.06.28-18.36.27:921][  0]LogInit:  - bDontReuseConnections = false  - Libcurl will reuse connections
[2016.06.28-18.36.27:921][  0]LogInit:  - CertBundlePath = nullptr  - Libcurl will use whatever was configured at build time.
[2016.06.28-18.36.27:929][  0]LogOnline:Warning: No default platform service specified for OnlineSubsystem
[2016.06.28-18.36.27:940][  0]LogInit: Presizing for 0 objects not considered by GC, pre-allocating 0 bytes.
[2016.06.28-18.36.27:946][  0]LogInit: Object subsystem initialized
[2016.06.28-18.36.27:947][  0]LogConsoleResponse:Warning: Skipping Unknown console variable: 'TranslucentSortAxis = (X=0.000000,Y=-1.000000,Z=0.000000)'
[2016.06.28-18.36.27:947][  0]LogConsoleResponse:Warning:   Found in ini file 'C:/Users/bbrid/Documents/Unreal Projects/dedi3p/Saved/Config/Windows/Engine.ini', in section '[/Script/Engine.RendererSettings]'
[2016.06.28-18.36.27:947][  0]LogConsoleResponse:Warning: Skipping Unknown console variable: 'UIScaleRule = ShortestSide'
[2016.06.28-18.36.27:947][  0]LogConsoleResponse:Warning:   Found in ini file 'C:/Users/bbrid/Documents/Unreal Projects/dedi3p/Saved/Config/Windows/Engine.ini', in section '[/Script/Engine.RendererSettings]'
[2016.06.28-18.36.27:947][  0]LogConsoleResponse:Warning: Skipping Unknown console variable: 'UIScaleCurve = (EditorCurveData=(Keys=),ExternalCurve=None)'
[2016.06.28-18.36.27:947][  0]LogConsoleResponse:Warning:   Found in ini file 'C:/Users/bbrid/Documents/Unreal Projects/dedi3p/Saved/Config/Windows/Engine.ini', in section '[/Script/Engine.RendererSettings]'
[2016.06.28-18.36.27:948][  0]LogInit: Selected Device Profile: [Windows]
[2016.06.28-18.36.27:948][  0]LogInit: Applying CVar settings loaded from the selected device profile: [Windows]
[2016.06.28-18.36.27:953][  0]LogInit: Computer: AEON
[2016.06.28-18.36.27:953][  0]LogInit: User: bbrid
[2016.06.28-18.36.27:953][  0]LogInit: CPU Page size=4096, Cores=8
[2016.06.28-18.36.27:953][  0]LogInit: High frequency timer resolution =2.927960 MHz
[2016.06.28-18.36.27:953][  0]LogMemory: Memory total: Physical=31.9GB (32GB approx)
[2016.06.28-18.36.27:953][  0]LogMemory: Platform Memory Stats for Windows
[2016.06.28-18.36.27:953][  0]LogMemory: Process Physical Memory: 68.02 MB used, 68.02 MB peak
[2016.06.28-18.36.27:953][  0]LogMemory: Process Virtual Memory: 26.84 MB used, 26.84 MB peak
[2016.06.28-18.36.27:953][  0]LogMemory: Physical Memory: 6485.74 MB used, 32669.64 MB total
[2016.06.28-18.36.27:953][  0]LogMemory: Virtual Memory: 336.82 MB used, 134217728.00 MB total
[2016.06.28-18.36.27:988][  0]LogTextLocalizationManager: The requested culture ('en_GB') has no localization data; parent culture's ('en') localization data will be used.
[2016.06.28-18.36.28:176][  0]LogTextLocalizationManager:Warning: Loaded localization resources contain conflicting entries for (Namespace:ContentBrowser, Key:ImportAssetToolTip):
Localization Resource: (D:/Program Files/Epic Games/4.8/Engine/Content/Localization/Editor/en/Editor.locres) Source String Hash: (-630476809) Localized String: (Import to {0}...)
Localization Resource: (D:/Program Files/Epic Games/4.8/Engine/Content/Localization/Editor/en/Editor.locres) Source String Hash: (1271782899) Localized String: (Imports an asset from file to this folder.)
[2016.06.28-18.36.28:571][  0]LogD3D11RHI: Found D3D11 adapter 0: NVIDIA GeForce GTX TITAN X (Feature Level 11_0)
[2016.06.28-18.36.28:571][  0]LogD3D11RHI: Adapter has 12175MB of dedicated video memory, 0MB of dedicated system memory, and 16334MB of shared system memory, 1 output[s]
[2016.06.28-18.36.28:573][  0]LogD3D11RHI: Found D3D11 adapter 1: Microsoft Basic Render Driver (Feature Level 11_0)
[2016.06.28-18.36.28:573][  0]LogD3D11RHI: Adapter has 0MB of dedicated video memory, 0MB of dedicated system memory, and 16334MB of shared system memory, 0 output[s]
[2016.06.28-18.36.28:573][  0]LogD3D11RHI: Chosen D3D11 Adapter Id = 0
[2016.06.28-18.36.28:577][  0]LogD3D11RHI: InitD3DDevice
[2016.06.28-18.36.28:577][  0]LogD3D11RHI: !Direct3DDevice
[2016.06.28-18.36.28:577][  0]LogRHI: Texture pool is 1361 MB (70% of 1945 MB)
[2016.06.28-18.36.28:588][  0]LogD3D11RHI: Async texture creation enabled
[2016.06.28-18.36.28:597][  0]LogShaderCompilers:Display: Using Local Shader Compiler.
[2016.06.28-18.36.29:298][  0]LogTemp:Display: Loaded TP DesktopTargetPlatform
[2016.06.28-18.36.29:309][  0]LogTemp:Display: Loaded TP WindowsClientTargetPlatform
[2016.06.28-18.36.29:320][  0]LogTemp:Display: Loaded TP WindowsNoEditorTargetPlatform
[2016.06.28-18.36.29:331][  0]LogTemp:Display: Loaded TP WindowsServerTargetPlatform
[2016.06.28-18.36.29:342][  0]LogTemp:Display: Loaded TP WindowsTargetPlatform
[2016.06.28-18.36.29:352][  0]LogTemp:Display: Loaded TP AndroidTargetPlatform
[2016.06.28-18.36.29:361][  0]LogTemp:Display: Loaded TP Android_ASTCTargetPlatform
[2016.06.28-18.36.29:371][  0]LogTemp:Display: Loaded TP Android_ATCTargetPlatform
[2016.06.28-18.36.29:380][  0]LogTemp:Display: Loaded TP Android_DXTTargetPlatform
[2016.06.28-18.36.29:389][  0]LogTemp:Display: Loaded TP Android_ETC1TargetPlatform
[2016.06.28-18.36.29:399][  0]LogTemp:Display: Loaded TP Android_ETC2TargetPlatform
[2016.06.28-18.36.29:409][  0]LogTemp:Display: Loaded TP Android_PVRTCTargetPlatform
[2016.06.28-18.36.29:447][  0]LogTemp:Display: Loaded TP IOSTargetPlatform
[2016.06.28-18.36.29:456][  0]LogTemp:Display: Loaded TP LinuxNoEditorTargetPlatform
[2016.06.28-18.36.29:466][  0]LogTemp:Display: Loaded TP LinuxServerTargetPlatform
[2016.06.28-18.36.29:477][  0]LogTemp:Display: Loaded TP LinuxTargetPlatform
[2016.06.28-18.36.29:477][  0]LogTargetPlatformManager:Display: Building Assets For Windows
[2016.06.28-18.36.29:631][  0]LogDerivedDataCache:Display: Max Cache Size: 512 MB
[2016.06.28-18.36.29:677][  0]LogDerivedDataCache: Loaded boot cache 0.05s 53MB C:/Users/bbrid/AppData/Local/UnrealEngine/4.8/DerivedDataCache/Boot.ddc.
[2016.06.28-18.36.29:677][  0]LogDerivedDataCache:Display: Loaded Boot cache: C:/Users/bbrid/AppData/Local/UnrealEngine/4.8/DerivedDataCache/Boot.ddc
[2016.06.28-18.36.29:677][  0]LogDerivedDataCache: FDerivedDataBackendGraph:  Pak pak cache file C:/Users/bbrid/Documents/Unreal Projects/dedi3p/DerivedDataCache/DDC.ddp not found, will not use a pak cache.
[2016.06.28-18.36.29:677][  0]LogDerivedDataCache: Unable to find inner node Pak for hierarchical cache Hierarchy.
[2016.06.28-18.36.29:677][  0]LogDerivedDataCache: FDerivedDataBackendGraph:  CompressedPak pak cache file C:/Users/bbrid/Documents/Unreal Projects/dedi3p/DerivedDataCache/Compressed.ddp not found, will not use a pak cache.
[2016.06.28-18.36.29:677][  0]LogDerivedDataCache: Unable to find inner node CompressedPak for hierarchical cache Hierarchy.
[2016.06.28-18.36.29:816][  0]LogDerivedDataCache:Display: Pak cache opened for reading ../../../Engine/DerivedDataCache/Compressed.ddp.
[2016.06.28-18.36.29:828][  0]LogDerivedDataCache: Using Local data cache path C:/Users/bbrid/AppData/Local/UnrealEngine/Common/DerivedDataCache: Writable
[2016.06.28-18.36.30:056][  0]LogInit: Selected Device Profile: [Windows]
[2016.06.28-18.36.30:132][  0]ImportText (ComponentSweepMultiTests): Missing closing parenthesis: (RootShapeAsset="/Engine/BasicShapes/Cube.Cube",ShapeType="TriggerCapsule",HitResult=(Time=0.50,Location=(X=-100.000015,Y=0.0,Z=100.000015),ImpactPoint=(X=-50.0,Y=0.0,Z=50.0),Normal=(X=-1.0,Y=-0.0,Z=0.0),ImpactNormal=(X=0.0,Y=0.0,Z=1.0),TraceStart=(X=-200.0,Y=0.0,Z=200.0),TraceEnd=(X=0.0,Y=0.0,Z=0.0))
[2016.06.28-18.36.30:132][  0]ImportText (LineTraceSingleByChannelTests): Missing closing parenthesis: (RootShapeAsset="/Engine/BasicShapes/Cube.Cube",HitResult=(Time=0.50,Location=(X=-100.000015,Y=0.0,Z=100.000015),ImpactPoint=(X=-50.0,Y=0.0,Z=50.0),Normal=(X=-1.0,Y=-0.0,Z=0.0),ImpactNormal=(X=0.0,Y=0.0,Z=1.0),TraceStart=(X=-200.0,Y=0.0,Z=200.0),TraceEnd=(X=0.0,Y=0.0,Z=0.0))
[2016.06.28-18.36.30:152][  0]LogMeshUtilities: No automatic mesh reduction module available
[2016.06.28-18.36.30:152][  0]LogMeshUtilities: No automatic mesh merging module available
[2016.06.28-18.36.30:404][  0]LogInit: WinSock: version 1.1 (2.2), MaxSocks=32767, MaxUdp=65467
[2016.06.28-18.36.31:199][  0]UdpMessaging: Initializing bridge on interface 0.0.0.0:0 to multicast group 230.0.0.1:6666.
[2016.06.28-18.36.31:474][  0]SourceControl: Info Source control is disabled
[2016.06.28-18.36.31:475][  0]SourceControl: Info Source control is disabled
[2016.06.28-18.36.31:483][  0]SourceControl: Info Source control is disabled
[2016.06.28-18.36.31:490][  0]SourceControl: Info Source control is disabled
[2016.06.28-18.36.31:657][  0]LogObj: 26273 objects as part of root set at end of initial load.
[2016.06.28-18.36.31:657][  0]LogUObjectAllocator: 5409248 out of 0 bytes used by permanent object pool.
[2016.06.28-18.36.31:717][  0]LogEngine: Initializing Engine...
[2016.06.28-18.36.31:720][  0]LogHMD: Can't find Oculus library dev build: is proper Runtime installed? Version: 0.6.0.0
[2016.06.28-18.36.31:721][  0]LogHMD:Warning: SteamVR failed to initialize.  Error: 110
[2016.06.28-18.36.31:847][  0]LogAIModule: Creating AISystem for world NewWorld
[2016.06.28-18.36.31:861][  0]LogInit: XAudio2 using 'ATXX58 series-0 (NVIDIA High Definition Audio)' : 2 channels at 48 kHz using 16 bits per sample (channel mask 0x3)
[2016.06.28-18.36.31:873][  0]LogInit: FAudioDevice initialized.
[2016.06.28-18.36.31:898][  0]LogDerivedDataCache: Saved boot cache 0.03s 53MB C:/Users/bbrid/AppData/Local/UnrealEngine/4.8/DerivedDataCache/Boot.ddc.
[2016.06.28-18.36.31:902][  0]LogInit: Texture streaming: Disabled
[2016.06.28-18.36.31:922][  0]LogAnalytics: Creating configured Analytics provider AnalyticsET
[2016.06.28-18.36.31:922][  0]LogAnalytics: [UEEditor.Rocket.Release] APIServer = http://et2.epicgames.com/ET2/. AppVersion = 4.8.3-2634408+++depot+UE4-Releases+4.8
[2016.06.28-18.36.31:922][  0]LogAnalytics: [UEEditor.Rocket.Release] SetUserId e2e5c4aa406bb5ff36e31eb1e140d11d|3fddbc77b76b46df894d89a536bbb656|c3d9c459-b98a-423f-82d6-aa62c9ea9f13
[2016.06.28-18.36.31:922][  0]LogAnalytics: [UEEditor.Rocket.Release] AnalyticsET::StartSession
[2016.06.28-18.36.31:944][  0]LogInit: Transaction tracking system initialized
[2016.06.28-18.36.32:041][  0]BlueprintLog: New page: Editor Load
[2016.06.28-18.36.32:070][  0]LogAssetRegistry: FAssetRegistry took 0.0108 seconds to start up
[2016.06.28-18.36.32:070][  0]LogDirectoryWatcher:Warning: Failed to begin reading directory changes for ../../../Engine/Plugins/Experimental/CharacterAI/Content/. Error: 0
[2016.06.28-18.36.32:564][  0]LogConsoleManager:Warning: Console variable 'r.VSync' wasn't set ('GameSetting' has a lower priority than 'SystemSettingsIni')
[2016.06.28-18.36.32:564][  0]LogConsoleResponse:Display: 
[2016.06.28-18.36.32:644][  0]LogCook:Display: Done creating registry. It took  0.00s.
[2016.06.28-18.36.32:764][  0]SourceControl: Info Source control is disabled
[2016.06.28-18.36.32:764][  0]Cmd: MAP LOAD FILE="C:/Users/bbrid/Documents/Unreal Projects/dedi3p/Content/ThirdPersonBP/Maps/ThirdPersonExampleMap.umap" TEMPLATE=0 SHOWPROGRESS=1 FEATURELEVEL=3
[2016.06.28-18.36.32:765][  0]LightingResults: New page: Lighting Build
[2016.06.28-18.36.32:773][  0]MapCheck: New page: Map Check
[2016.06.28-18.36.32:773][  0]LightingResults: New page: Lighting Build
[2016.06.28-18.36.32:780][  0]LogParticles: Destroying 0 GPU particle simulations for FXSystem 0x000000CBB510D300
[2016.06.28-18.36.33:676][  0]LogAIModule: Creating AISystem for world ThirdPersonExampleMap
[2016.06.28-18.36.33:684][  0]LogEditorServer: Finished looking for orphan Actors (0.000 secs)
[2016.06.28-18.36.34:384][  0]Cmd: MAP CHECKDEP NOCLEARLOG
[2016.06.28-18.36.34:425][  0]MapCheck: Info Map check complete: 0 Error(s), 0 Warning(s), took 40.395ms to complete.
[2016.06.28-18.36.34:425][  0]LogFileHelpers: Loading map 'ThirdPersonExampleMap' took 1.661
[2016.06.28-18.36.34:524][  0]LogCollectionManager: Loaded 0 collections in 0.001167 seconds
[2016.06.28-18.36.34:530][  0]LogContentBrowser: Native class hierarchy populated in 0.0061 seconds. Added 1792 classes and 301 folders.
[2016.06.28-18.36.34:560][  0]LogContentBrowser: Native class hierarchy updated for 'WidgetCarousel' in 0.0003 seconds. Added 0 classes and 0 folders.
[2016.06.28-18.36.34:581][  0]LogContentBrowser: Native class hierarchy updated for 'AddContentDialog' in 0.0003 seconds. Added 0 classes and 0 folders.
[2016.06.28-18.36.34:592][  0]LogContentBrowser: Native class hierarchy updated for 'SceneOutliner' in 0.0003 seconds. Added 1 classes and 2 folders.
[2016.06.28-18.36.34:641][  0]LogCrashTracker: Crashtracker disabled due to settings.
[2016.06.28-18.36.34:642][  0]LogD3D11RHI: InitD3DDevice
[2016.06.28-18.36.34:646][  0]LogUObjectGlobals:Warning: Failed to find object 'Class None.'
[2016.06.28-18.36.34:667][  0]LogLoad: Full Startup: 7.94 seconds (BP compile: 0.28 seconds)
[2016.06.28-18.36.35:048][  0]LogContentStreaming: Texture pool size is 0.000000MB
[2016.06.28-18.36.35:071][  0]LogContentStreaming: Texture pool size now 1000 MB
[2016.06.28-18.36.35:168][  0]LogRenderer: Reallocating scene render targets to support 1208x576 (Frame:2).
[2016.06.28-18.36.37:020][  6]LogAssetRegistry: Asset discovery search completed in 4.9615 seconds
[2016.06.28-18.36.47:669][ 38]LogD3D11RHI: InitD3DDevice
[2016.06.28-18.37.52:634][164]LogD3D11RHI: InitD3DDevice
[2016.06.28-18.37.53:685][289]LogD3D11RHI: InitD3DDevice
[2016.06.28-18.39.06:725][859]LogEditorViewport: Clicking on Actor (LMB): StaticMeshActor (Wall4)
[2016.06.28-18.39.07:600][959]LogD3D11RHI: InitD3DDevice
[2016.06.28-18.39.43:274][237]LogEditorViewport: Clicking on Actor (LMB): StaticMeshActor (Floor)
[2016.06.28-18.39.44:074][329]LogEditorViewport: Clicking on Actor (LMB): StaticMeshActor (Floor)
[2016.06.28-18.40.01:154][377]LogEditorViewport: Clicking on Actor (LMB): StaticMeshActor (Wall4)
[2016.06.28-18.40.01:729][440]LogPlayLevel: PIE:  No blueprints needed recompiling
[2016.06.28-18.40.01:730][440]PIE: New page: PIE session: ThirdPersonExampleMap (28 Jun 2016 20:40:01)
[2016.06.28-18.40.01:731][440]LogPlayLevel: Creating play world package: /Game/ThirdPersonBP/Maps/UEDPIE_1_ThirdPersonExampleMap
[2016.06.28-18.40.01:742][440]LogPlayLevel: PIE: StaticDuplicateObject took: (0.011353s)
[2016.06.28-18.40.01:743][440]LogAIModule: Creating AISystem for world ThirdPersonExampleMap
[2016.06.28-18.40.01:743][440]LogPlayLevel: PIE: World Init took: (0.001379s)
[2016.06.28-18.40.01:744][440]LogPlayLevel: PIE: Created PIE world by copying editor world from /Game/ThirdPersonBP/Maps/ThirdPersonExampleMap.ThirdPersonExampleMap to /Game/ThirdPersonBP/Maps/UEDPIE_1_ThirdPersonExampleMap.ThirdPersonExampleMap (0.013051s)
[2016.06.28-18.40.01:744][440]LogActorComponent: UnregisterComponent: (/Engine/Transient.CharMoveComp) Not registered. Aborting.
[2016.06.28-18.40.01:807][440]LogWorld: Game class is 'ThirdPersonGameMode_C'
[2016.06.28-18.40.01:809][440]LogActor:Warning: RecastNavMesh /Game/ThirdPersonBP/Maps/UEDPIE_1_ThirdPersonExampleMap.ThirdPersonExampleMap:PersistentLevel.RecastNavMesh_0 has natively added scene component(s), but none of them were set as the actor's RootComponent - picking one arbitrarily
[2016.06.28-18.40.01:813][440]LogWorld: Bringing World /Game/ThirdPersonBP/Maps/UEDPIE_1_ThirdPersonExampleMap.ThirdPersonExampleMap up for play (max tick rate 0) at 2016.06.28-19.40.01
[2016.06.28-18.40.01:813][440]LogActor:Warning: GameSession /Game/ThirdPersonBP/Maps/UEDPIE_1_ThirdPersonExampleMap.ThirdPersonExampleMap:PersistentLevel.GameSession_0 has natively added scene component(s), but none of them were set as the actor's RootComponent - picking one arbitrarily
[2016.06.28-18.40.01:813][440]LogActor:Warning: GameNetworkManager /Game/ThirdPersonBP/Maps/UEDPIE_1_ThirdPersonExampleMap.ThirdPersonExampleMap:PersistentLevel.GameNetworkManager_0 has natively added scene component(s), but none of them were set as the actor's RootComponent - picking one arbitrarily
[2016.06.28-18.40.01:814][440]LogWorld: Bringing up level for play took: 0.004758
[2016.06.28-18.40.01:814][440]LogInit: WinSock: Socket queue 131072 / 131072
[2016.06.28-18.40.01:817][440]LogInit: WinSock: I am Aeon (192.168.1.69:0)
[2016.06.28-18.40.01:817][440]LogNet: GameNetDriver IpNetDriver_0 IpNetDriver listening on port 7777
[2016.06.28-18.40.01:817][440]PIE: Info Play in editor start time for /Game/ThirdPersonBP/Maps/UEDPIE_1_ThirdPersonExampleMap 0.581
[2016.06.28-18.40.01:818][440]PIE: New page: PIE session: ThirdPersonExampleMap (28 Jun 2016 20:40:01)
[2016.06.28-18.40.01:831][440]LogInit: XAudio2 using 'ATXX58 series-0 (NVIDIA High Definition Audio)' : 2 channels at 48 kHz using 16 bits per sample (channel mask 0x3)
[2016.06.28-18.40.01:835][440]LogInit: FAudioDevice initialized.
[2016.06.28-18.40.01:867][440]LogNet: Browse: 127.0.0.1//Game/ThirdPersonBP/Maps/ThirdPersonExampleMap
[2016.06.28-18.40.01:869][440]LogInit: WinSock: Socket queue 32768 / 32768
[2016.06.28-18.40.01:869][440]LogNet: Game client on port 7777, rate 10000
[2016.06.28-18.40.01:869][440]LogNet: GetLocalNetworkVersion: GEngineNetVersion: 2634408, ProjectName: dedi3p, ProjectVersion: 1.0.0.0, InternalProtocolVersion: 8, LocalNetworkVersion: 820182082
[2016.06.28-18.40.01:869][440]PIE: Info Play in editor start time for /Game/ThirdPersonBP/Maps/ThirdPersonExampleMap 0.633
[2016.06.28-18.40.01:870][440]PIE: New page: PIE session: ThirdPersonExampleMap (28 Jun 2016 20:40:01)
[2016.06.28-18.40.01:874][440]LogD3D11RHI: InitD3DDevice
[2016.06.28-18.40.01:909][440]LogNet: Browse: 127.0.0.1//Game/ThirdPersonBP/Maps/ThirdPersonExampleMap
[2016.06.28-18.40.01:910][440]LogInit: WinSock: Socket queue 32768 / 32768
[2016.06.28-18.40.01:910][440]LogNet: Game client on port 7777, rate 10000
[2016.06.28-18.40.01:910][440]LogNet: GetLocalNetworkVersion: GEngineNetVersion: 2634408, ProjectName: dedi3p, ProjectVersion: 1.0.0.0, InternalProtocolVersion: 8, LocalNetworkVersion: 820182082
[2016.06.28-18.40.01:924][440]PIE: Info Play in editor start time for /Game/ThirdPersonBP/Maps/ThirdPersonExampleMap 0.687
[2016.06.28-18.40.01:925][440]PIE: New page: PIE session: ThirdPersonExampleMap (28 Jun 2016 20:40:01)
[2016.06.28-18.40.01:929][440]LogD3D11RHI: InitD3DDevice
[2016.06.28-18.40.01:963][440]LogNet: Browse: 127.0.0.1//Game/ThirdPersonBP/Maps/ThirdPersonExampleMap
[2016.06.28-18.40.01:963][440]LogInit: WinSock: Socket queue 32768 / 32768
[2016.06.28-18.40.01:964][440]LogNet: Game client on port 7777, rate 10000
[2016.06.28-18.40.01:964][440]LogNet: GetLocalNetworkVersion: GEngineNetVersion: 2634408, ProjectName: dedi3p, ProjectVersion: 1.0.0.0, InternalProtocolVersion: 8, LocalNetworkVersion: 820182082
[2016.06.28-18.40.01:977][440]PIE: Info Play in editor start time for /Game/ThirdPersonBP/Maps/ThirdPersonExampleMap 0.74
[2016.06.28-18.40.01:993][440]LogNet: NotifyAcceptingConnection: Server ThirdPersonExampleMap accept
[2016.06.28-18.40.01:993][440]LogNet: Open ThirdPersonExampleMap 06/28/16 19:40:01 127.0.0.1
[2016.06.28-18.40.01:993][440]LogNet: Added client connection.  Remote address = 127.0.0.1:59300
[2016.06.28-18.40.01:993][440]LogNet: NotifyAcceptingChannel Control 0 server World /Game/ThirdPersonBP/Maps/UEDPIE_1_ThirdPersonExampleMap.ThirdPersonExampleMap: Accepted
[2016.06.28-18.40.01:993][440]LogNet: Remote platform little endian=1
[2016.06.28-18.40.01:993][440]LogNet: This platform little endian=1
[2016.06.28-18.40.01:993][440]LogNet: GetLocalNetworkVersion: GEngineNetVersion: 2634408, ProjectName: dedi3p, ProjectVersion: 1.0.0.0, InternalProtocolVersion: 8, LocalNetworkVersion: 820182082
[2016.06.28-18.40.01:993][440]LogNet: NotifyAcceptingConnection: Server ThirdPersonExampleMap accept
[2016.06.28-18.40.01:993][440]LogNet: Open ThirdPersonExampleMap 06/28/16 19:40:01 127.0.0.1
[2016.06.28-18.40.01:993][440]LogNet: Added client connection.  Remote address = 127.0.0.1:59301
[2016.06.28-18.40.01:993][440]LogNet: NotifyAcceptingChannel Control 0 server World /Game/ThirdPersonBP/Maps/UEDPIE_1_ThirdPersonExampleMap.ThirdPersonExampleMap: Accepted
[2016.06.28-18.40.01:993][440]LogNet: Remote platform little endian=1
[2016.06.28-18.40.01:993][440]LogNet: This platform little endian=1
[2016.06.28-18.40.01:993][440]LogNet: GetLocalNetworkVersion: GEngineNetVersion: 2634408, ProjectName: dedi3p, ProjectVersion: 1.0.0.0, InternalProtocolVersion: 8, LocalNetworkVersion: 820182082
[2016.06.28-18.40.01:993][440]LogNet: NotifyAcceptingConnection: Server ThirdPersonExampleMap accept
[2016.06.28-18.40.01:993][440]LogNet: Open ThirdPersonExampleMap 06/28/16 19:40:01 127.0.0.1
[2016.06.28-18.40.01:993][440]LogNet: Added client connection.  Remote address = 127.0.0.1:59302
[2016.06.28-18.40.01:993][440]LogNet: NotifyAcceptingChannel Control 0 server World /Game/ThirdPersonBP/Maps/UEDPIE_1_ThirdPersonExampleMap.ThirdPersonExampleMap: Accepted
[2016.06.28-18.40.01:993][440]LogNet: Remote platform little endian=1
[2016.06.28-18.40.01:993][440]LogNet: This platform little endian=1
[2016.06.28-18.40.01:993][440]LogNet: GetLocalNetworkVersion: GEngineNetVersion: 2634408, ProjectName: dedi3p, ProjectVersion: 1.0.0.0, InternalProtocolVersion: 8, LocalNetworkVersion: 820182082
[2016.06.28-18.40.02:078][441]LogNet: Login request: /Game/ThirdPersonBP/Maps/ThirdPersonExampleMap userId: Invalid
[2016.06.28-18.40.02:078][441]LogNet: Login request: /Game/ThirdPersonBP/Maps/ThirdPersonExampleMap userId: Invalid
[2016.06.28-18.40.02:078][441]LogNet: Login request: /Game/ThirdPersonBP/Maps/ThirdPersonExampleMap userId: Invalid
[2016.06.28-18.40.02:079][441]LogNet: Welcomed by server (Level: /Game/ThirdPersonBP/Maps/UEDPIE_1_ThirdPersonExampleMap, Game: /Game/ThirdPersonBP/Blueprints/ThirdPersonGameMode.ThirdPersonGameMode_C)
[2016.06.28-18.40.02:127][441]LogLoad: LoadMap: 127.0.0.1//Game/ThirdPersonBP/Maps/UEDPIE_1_ThirdPersonExampleMap?game=/Game/ThirdPersonBP/Blueprints/ThirdPersonGameMode.ThirdPersonGameMode_C
[2016.06.28-18.40.02:142][441]LogParticles: Destroying 0 GPU particle simulations for FXSystem 0x000000CBAD00A2A0
[2016.06.28-18.40.02:142][441]Cmd: MEM
[2016.06.28-18.40.02:154][441]LogMemory: Platform Memory Stats for Windows
[2016.06.28-18.40.02:154][441]LogMemory: Process Physical Memory: 1143.09 MB used, 1156.83 MB peak
[2016.06.28-18.40.02:154][441]LogMemory: Process Virtual Memory: 1766.62 MB used, 1766.63 MB peak
[2016.06.28-18.40.02:154][441]LogMemory: Physical Memory: 7179.19 MB used, 32669.64 MB total
[2016.06.28-18.40.02:154][441]LogMemory: Virtual Memory: 2503.28 MB used, 134217728.00 MB total
[2016.06.28-18.40.02:154][441]LogMemory: 
[2016.06.28-18.40.02:154][441]Allocator Stats for TBB: (not implemented)
[2016.06.28-18.40.02:154][441]LogLinker: Can't find file for asset '/Game/ThirdPersonBP/Maps/UEDPIE_1_ThirdPersonExampleMap' while loading NULL.
[2016.06.28-18.40.02:165][441]LogWorld: PIE: Copying PIE streaming level from /Game/ThirdPersonBP/Maps/ThirdPersonExampleMap.ThirdPersonExampleMap to /Game/ThirdPersonBP/Maps/UEDPIE_2_ThirdPersonExampleMap.ThirdPersonExampleMap. OwningWorld: None
[2016.06.28-18.40.02:165][441]LogAIModule: Creating AISystem for world ThirdPersonExampleMap
[2016.06.28-18.40.02:171][441]LogWorld: Bringing World /Game/ThirdPersonBP/Maps/UEDPIE_2_ThirdPersonExampleMap.ThirdPersonExampleMap up for play (max tick rate 0) at 2016.06.28-19.40.02
[2016.06.28-18.40.02:171][441]LogWorld: Bringing up level for play took: 0.004294
[2016.06.28-18.40.02:183][441]LogNet: Welcomed by server (Level: /Game/ThirdPersonBP/Maps/UEDPIE_1_ThirdPersonExampleMap, Game: /Game/ThirdPersonBP/Blueprints/ThirdPersonGameMode.ThirdPersonGameMode_C)
[2016.06.28-18.40.02:187][441]LogLoad: LoadMap: 127.0.0.1//Game/ThirdPersonBP/Maps/UEDPIE_1_ThirdPersonExampleMap?game=/Game/ThirdPersonBP/Blueprints/ThirdPersonGameMode.ThirdPersonGameMode_C
[2016.06.28-18.40.02:202][441]LogParticles: Destroying 0 GPU particle simulations for FXSystem 0x000000CBAB00F240
[2016.06.28-18.40.02:202][441]Cmd: MEM
[2016.06.28-18.40.02:214][441]LogMemory: Platform Memory Stats for Windows
[2016.06.28-18.40.02:214][441]LogMemory: Process Physical Memory: 1143.67 MB used, 1156.83 MB peak
[2016.06.28-18.40.02:214][441]LogMemory: Process Virtual Memory: 1840.14 MB used, 1840.14 MB peak
[2016.06.28-18.40.02:214][441]LogMemory: Physical Memory: 7179.24 MB used, 32669.64 MB total
[2016.06.28-18.40.02:214][441]LogMemory: Virtual Memory: 2587.28 MB used, 134217728.00 MB total
[2016.06.28-18.40.02:214][441]LogMemory: 
[2016.06.28-18.40.02:214][441]Allocator Stats for TBB: (not implemented)
[2016.06.28-18.40.02:214][441]LogLinker: Can't find file for asset '/Game/ThirdPersonBP/Maps/UEDPIE_1_ThirdPersonExampleMap' while loading NULL.
[2016.06.28-18.40.02:224][441]LogWorld: PIE: Copying PIE streaming level from /Game/ThirdPersonBP/Maps/ThirdPersonExampleMap.ThirdPersonExampleMap to /Game/ThirdPersonBP/Maps/UEDPIE_3_ThirdPersonExampleMap.ThirdPersonExampleMap. OwningWorld: None
[2016.06.28-18.40.02:224][441]LogAIModule: Creating AISystem for world ThirdPersonExampleMap
[2016.06.28-18.40.02:230][441]LogWorld: Bringing World /Game/ThirdPersonBP/Maps/UEDPIE_3_ThirdPersonExampleMap.ThirdPersonExampleMap up for play (max tick rate 0) at 2016.06.28-19.40.02
[2016.06.28-18.40.02:231][441]LogWorld: Bringing up level for play took: 0.004376
[2016.06.28-18.40.02:251][441]LogNet: Welcomed by server (Level: /Game/ThirdPersonBP/Maps/UEDPIE_1_ThirdPersonExampleMap, Game: /Game/ThirdPersonBP/Blueprints/ThirdPersonGameMode.ThirdPersonGameMode_C)
[2016.06.28-18.40.02:254][441]LogLoad: LoadMap: 127.0.0.1//Game/ThirdPersonBP/Maps/UEDPIE_1_ThirdPersonExampleMap?game=/Game/ThirdPersonBP/Blueprints/ThirdPersonGameMode.ThirdPersonGameMode_C
[2016.06.28-18.40.02:268][441]LogParticles: Destroying 0 GPU particle simulations for FXSystem 0x000000CBAB00C540
[2016.06.28-18.40.02:268][441]Cmd: MEM
[2016.06.28-18.40.02:281][441]LogMemory: Platform Memory Stats for Windows
[2016.06.28-18.40.02:281][441]LogMemory: Process Physical Memory: 1145.80 MB used, 1156.83 MB peak
[2016.06.28-18.40.02:281][441]LogMemory: Process Virtual Memory: 1858.30 MB used, 1862.55 MB peak
[2016.06.28-18.40.02:281][441]LogMemory: Physical Memory: 7179.33 MB used, 32669.64 MB total
[2016.06.28-18.40.02:281][441]LogMemory: Virtual Memory: 2587.28 MB used, 134217728.00 MB total
[2016.06.28-18.40.02:281][441]LogMemory: 
[2016.06.28-18.40.02:281][441]Allocator Stats for TBB: (not implemented)
[2016.06.28-18.40.02:281][441]LogLinker: Can't find file for asset '/Game/ThirdPersonBP/Maps/UEDPIE_1_ThirdPersonExampleMap' while loading NULL.
[2016.06.28-18.40.02:291][441]LogWorld: PIE: Copying PIE streaming level from /Game/ThirdPersonBP/Maps/ThirdPersonExampleMap.ThirdPersonExampleMap to /Game/ThirdPersonBP/Maps/UEDPIE_4_ThirdPersonExampleMap.ThirdPersonExampleMap. OwningWorld: None
[2016.06.28-18.40.02:292][441]LogAIModule: Creating AISystem for world ThirdPersonExampleMap
[2016.06.28-18.40.02:297][441]LogWorld: Bringing World /Game/ThirdPersonBP/Maps/UEDPIE_4_ThirdPersonExampleMap.ThirdPersonExampleMap up for play (max tick rate 0) at 2016.06.28-19.40.02
[2016.06.28-18.40.02:298][441]LogWorld: Bringing up level for play took: 0.004410
[2016.06.28-18.40.02:323][442]LogRenderer: Reallocating scene render targets to support 1280x720 (Frame:311).
[2016.06.28-18.40.02:325][442]LogNet: Client netspeed is 10000
[2016.06.28-18.40.02:325][442]LogNet: Join request: /Game/ThirdPersonBP/Maps/ThirdPersonExampleMap?SplitscreenCount=1
[2016.06.28-18.40.02:328][442]LogNet: Join succeeded: 256
[2016.06.28-18.40.02:328][442]LogNet: Client netspeed is 10000
[2016.06.28-18.40.02:328][442]LogNet: Join request: /Game/ThirdPersonBP/Maps/ThirdPersonExampleMap?SplitscreenCount=1
[2016.06.28-18.40.02:330][442]LogNet: Join succeeded: 257
[2016.06.28-18.40.02:330][442]LogNet: Client netspeed is 10000
[2016.06.28-18.40.02:330][442]LogNet: Join request: /Game/ThirdPersonBP/Maps/ThirdPersonExampleMap?SplitscreenCount=1
[2016.06.28-18.40.02:332][442]LogNet: Join succeeded: 258
[2016.06.28-18.42.12:730][649]LogCharacterMovement: ThirdPersonCharacter_C_7 is stuck and failed to move!
[2016.06.28-18.42.12:755][652]LogCharacterMovement: ThirdPersonCharacter_C_7 is stuck and failed to move!
[2016.06.28-18.42.12:780][655]LogCharacterMovement: ThirdPersonCharacter_C_7 is stuck and failed to move!
[2016.06.28-18.42.12:805][658]LogCharacterMovement: ThirdPersonCharacter_C_7 is stuck and failed to move!
[2016.06.28-18.42.12:830][661]LogCharacterMovement: ThirdPersonCharacter_C_7 is stuck and failed to move!
[2016.06.28-18.42.12:855][664]LogCharacterMovement: ThirdPersonCharacter_C_7 is stuck and failed to move!
[2016.06.28-18.42.12:880][667]LogCharacterMovement: ThirdPersonCharacter_C_7 is stuck and failed to move!
[2016.06.28-18.42.12:905][670]LogCharacterMovement: ThirdPersonCharacter_C_7 is stuck and failed to move!
[2016.06.28-18.42.12:930][673]LogCharacterMovement: ThirdPersonCharacter_C_7 is stuck and failed to move!
[2016.06.28-18.42.12:955][676]LogCharacterMovement: ThirdPersonCharacter_C_7 is stuck and failed to move!
[2016.06.28-18.42.12:980][679]LogCharacterMovement: ThirdPersonCharacter_C_7 is stuck and failed to move!
[2016.06.28-18.42.13:005][682]LogCharacterMovement: ThirdPersonCharacter_C_7 is stuck and failed to move!
[2016.06.28-18.42.13:030][685]LogCharacterMovement: ThirdPersonCharacter_C_7 is stuck and failed to move!
[2016.06.28-18.42.13:055][688]LogCharacterMovement: ThirdPersonCharacter_C_7 is stuck and failed to move!
[2016.06.28-18.42.13:080][691]LogCharacterMovement: ThirdPersonCharacter_C_7 is stuck and failed to move!
[2016.06.28-18.42.13:105][694]LogCharacterMovement: ThirdPersonCharacter_C_7 is stuck and failed to move!
[2016.06.28-18.42.13:130][697]LogCharacterMovement: ThirdPersonCharacter_C_7 is stuck and failed to move!
[2016.06.28-18.42.13:155][700]LogCharacterMovement: ThirdPersonCharacter_C_7 is stuck and failed to move!
[2016.06.28-18.42.13:180][703]LogCharacterMovement: ThirdPersonCharacter_C_7 is stuck and failed to move!
[2016.06.28-18.42.13:205][706]LogCharacterMovement: ThirdPersonCharacter_C_7 is stuck and failed to move!
[2016.06.28-18.42.13:230][709]LogCharacterMovement: ThirdPersonCharacter_C_7 is stuck and failed to move!
[2016.06.28-18.42.13:255][712]LogCharacterMovement: ThirdPersonCharacter_C_7 is stuck and failed to move!
[2016.06.28-18.42.13:280][715]LogCharacterMovement: ThirdPersonCharacter_C_7 is stuck and failed to move!
[2016.06.28-18.42.13:305][718]LogCharacterMovement: ThirdPersonCharacter_C_7 is stuck and failed to move!
[2016.06.28-18.42.13:330][721]LogCharacterMovement: ThirdPersonCharacter_C_7 is stuck and failed to move!
[2016.06.28-18.42.13:355][724]LogCharacterMovement: ThirdPersonCharacter_C_7 is stuck and failed to move!
[2016.06.28-18.42.13:380][727]LogCharacterMovement: ThirdPersonCharacter_C_7 is stuck and failed to move!
[2016.06.28-18.42.13:405][730]LogCharacterMovement: ThirdPersonCharacter_C_7 is stuck and failed to move!
[2016.06.28-18.42.13:430][733]LogCharacterMovement: ThirdPersonCharacter_C_7 is stuck and failed to move!
[2016.06.28-18.42.13:447][735]LogCharacterMovement: ThirdPersonCharacter_C_7 is stuck and failed to move!
[2016.06.28-18.42.13:447][735]LogCharacterMovement: ThirdPersonCharacter_C_7 is stuck and failed to move!
[2016.06.28-18.42.13:464][737]LogCharacterMovement: ThirdPersonCharacter_C_7 is stuck and failed to move!
[2016.06.28-18.42.13:464][737]LogCharacterMovement: ThirdPersonCharacter_C_7 is stuck and failed to move!
[2016.06.28-18.42.13:480][739]LogCharacterMovement: ThirdPersonCharacter_C_7 is stuck and failed to move!
[2016.06.28-18.42.13:480][739]LogCharacterMovement: ThirdPersonCharacter_C_7 is stuck and failed to move!
[2016.06.28-18.42.13:497][741]LogCharacterMovement: ThirdPersonCharacter_C_7 is stuck and failed to move!
[2016.06.28-18.42.13:497][741]LogCharacterMovement: ThirdPersonCharacter_C_7 is stuck and failed to move!
[2016.06.28-18.42.13:514][743]LogCharacterMovement: ThirdPersonCharacter_C_7 is stuck and failed to move!
[2016.06.28-18.42.13:514][743]LogCharacterMovement: ThirdPersonCharacter_C_7 is stuck and failed to move!
[2016.06.28-18.42.13:530][745]LogCharacterMovement: ThirdPersonCharacter_C_7 is stuck and failed to move!
[2016.06.28-18.42.13:530][745]LogCharacterMovement: ThirdPersonCharacter_C_7 is stuck and failed to move!
[2016.06.28-18.42.13:773][774]LogCharacterMovement: ThirdPersonCharacter_C_7 is stuck and failed to move!
[2016.06.28-18.42.13:798][777]LogCharacterMovement: ThirdPersonCharacter_C_7 is stuck and failed to move!
[2016.06.28-18.42.13:823][780]LogCharacterMovement: ThirdPersonCharacter_C_7 is stuck and failed to move!
[2016.06.28-18.42.13:848][783]LogCharacterMovement: ThirdPersonCharacter_C_7 is stuck and failed to move!
[2016.06.28-18.42.13:873][786]LogCharacterMovement: ThirdPersonCharacter_C_7 is stuck and failed to move!
[2016.06.28-18.42.13:898][789]LogCharacterMovement: ThirdPersonCharacter_C_7 is stuck and failed to move!
[2016.06.28-18.42.13:923][792]LogCharacterMovement: ThirdPersonCharacter_C_7 is stuck and failed to move!
[2016.06.28-18.42.13:948][795]LogCharacterMovement: ThirdPersonCharacter_C_7 is stuck and failed to move!
[2016.06.28-18.42.13:973][798]LogCharacterMovement: ThirdPersonCharacter_C_7 is stuck and failed to move!
[2016.06.28-18.42.13:998][801]LogCharacterMovement: ThirdPersonCharacter_C_7 is stuck and failed to move!
[2016.06.28-18.42.14:023][804]LogCharacterMovement: ThirdPersonCharacter_C_7 is stuck and failed to move!
[2016.06.28-18.42.14:048][807]LogCharacterMovement: ThirdPersonCharacter_C_7 is stuck and failed to move!
[2016.06.28-18.42.14:073][810]LogCharacterMovement: ThirdPersonCharacter_C_7 is stuck and failed to move!
[2016.06.28-18.42.14:098][813]LogCharacterMovement: ThirdPersonCharacter_C_7 is stuck and failed to move!
[2016.06.28-18.42.14:123][816]LogCharacterMovement: ThirdPersonCharacter_C_7 is stuck and failed to move!
[2016.06.28-18.42.14:148][819]LogCharacterMovement: ThirdPersonCharacter_C_7 is stuck and failed to move!
[2016.06.28-18.42.14:173][822]LogCharacterMovement: ThirdPersonCharacter_C_7 is stuck and failed to move!
[2016.06.28-18.42.14:198][825]LogCharacterMovement: ThirdPersonCharacter_C_7 is stuck and failed to move!
[2016.06.28-18.42.14:223][828]LogCharacterMovement: ThirdPersonCharacter_C_7 is stuck and failed to move!
[2016.06.28-18.42.14:248][831]LogCharacterMovement: ThirdPersonCharacter_C_7 is stuck and failed to move!
[2016.06.28-18.42.14:273][834]LogCharacterMovement: ThirdPersonCharacter_C_7 is stuck and failed to move!
[2016.06.28-18.42.14:298][837]LogCharacterMovement: ThirdPersonCharacter_C_7 is stuck and failed to move!
[2016.06.28-18.42.14:323][840]LogCharacterMovement: ThirdPersonCharacter_C_7 is stuck and failed to move!
[2016.06.28-18.42.14:340][842]LogCharacterMovement: ThirdPersonCharacter_C_7 is stuck and failed to move!
[2016.06.28-18.42.14:340][842]LogCharacterMovement: ThirdPersonCharacter_C_7 is stuck and failed to move!
[2016.06.28-18.42.14:356][844]LogCharacterMovement: ThirdPersonCharacter_C_7 is stuck and failed to move!
[2016.06.28-18.42.14:357][844]LogCharacterMovement: ThirdPersonCharacter_C_7 is stuck and failed to move!
[2016.06.28-18.42.14:373][846]LogCharacterMovement: ThirdPersonCharacter_C_7 is stuck and failed to move!
[2016.06.28-18.42.14:373][846]LogCharacterMovement: ThirdPersonCharacter_C_7 is stuck and failed to move!
[2016.06.28-18.42.14:390][848]LogCharacterMovement: ThirdPersonCharacter_C_7 is stuck and failed to move!
[2016.06.28-18.42.14:390][848]LogCharacterMovement: ThirdPersonCharacter_C_7 is stuck and failed to move!
[2016.06.28-18.42.14:406][850]LogCharacterMovement: ThirdPersonCharacter_C_7 is stuck and failed to move!
[2016.06.28-18.42.14:406][850]LogCharacterMovement: ThirdPersonCharacter_C_7 is stuck and failed to move!
[2016.06.28-18.42.14:423][852]LogCharacterMovement: ThirdPersonCharacter_C_7 is stuck and failed to move!
[2016.06.28-18.46.06:125][662]LogD3D11RHI: InitD3DDevice
[2016.06.28-18.46.08:833][986]LogD3D11RHI: InitD3DDevice
[2016.06.28-18.46.25:795][202]LogWindowsTextInputMethodSystem:Display: IME system now deactivated.
[2016.06.28-18.46.25:867][202]LogNet: UChannel::CleanUp: [GameNetDriver] [None] [None]. ChIndex == 0. Closing connection.
[2016.06.28-18.46.25:867][202]LogNet: UNetConnection::Close: Name: IpConnection_5, Driver: GameNetDriver IpNetDriver_0, PC: None, Owner: None, Channels: 2, RemoteAddr: 127.0.0.1:59302, Time: 2016.06.28-18.46.25
[2016.06.28-18.46.25:867][202]LogNet: UChannel::Close: Sending CloseBunch. ChIndex == 0. Name: ControlChannel_5
[2016.06.28-18.46.25:867][202]LogNet: UChannel::CleanUp: [GameNetDriver] [None] [None]. ChIndex == 0. Closing connection.
[2016.06.28-18.46.25:867][202]LogNet: UNetConnection::Close: Name: IpConnection_4, Driver: GameNetDriver IpNetDriver_0, PC: None, Owner: None, Channels: 2, RemoteAddr: 127.0.0.1:59301, Time: 2016.06.28-18.46.25
[2016.06.28-18.46.25:867][202]LogNet: UChannel::Close: Sending CloseBunch. ChIndex == 0. Name: ControlChannel_4
[2016.06.28-18.46.25:867][202]LogNet: UChannel::CleanUp: [GameNetDriver] [None] [None]. ChIndex == 0. Closing connection.
[2016.06.28-18.46.25:867][202]LogNet: UNetConnection::Close: Name: IpConnection_3, Driver: GameNetDriver IpNetDriver_0, PC: None, Owner: None, Channels: 2, RemoteAddr: 127.0.0.1:59300, Time: 2016.06.28-18.46.25
[2016.06.28-18.46.25:867][202]LogNet: UChannel::Close: Sending CloseBunch. ChIndex == 0. Name: ControlChannel_3
[2016.06.28-18.46.25:867][202]LogNet: UChannel::CleanUp: [GameNetDriver] [None] [None]. ChIndex == 0. Closing connection.
[2016.06.28-18.46.25:867][202]LogNet: UNetConnection::Close: Name: IpConnection_2, Driver: GameNetDriver IpNetDriver_3, PC: None, Owner: None, Channels: 2, RemoteAddr: 127.0.0.1:7777, Time: 2016.06.28-18.46.25
[2016.06.28-18.46.25:867][202]LogNet: UChannel::Close: Sending CloseBunch. ChIndex == 0. Name: ControlChannel_2
[2016.06.28-18.46.25:868][202]LogNet: UChannel::CleanUp: [GameNetDriver] [None] [None]. ChIndex == 0. Closing connection.
[2016.06.28-18.46.25:868][202]LogNet: UNetConnection::Close: Name: IpConnection_1, Driver: GameNetDriver IpNetDriver_2, PC: None, Owner: None, Channels: 2, RemoteAddr: 127.0.0.1:7777, Time: 2016.06.28-18.46.25
[2016.06.28-18.46.25:868][202]LogNet: UChannel::Close: Sending CloseBunch. ChIndex == 0. Name: ControlChannel_1
[2016.06.28-18.46.25:868][202]LogNet: UChannel::CleanUp: [GameNetDriver] [None] [None]. ChIndex == 0. Closing connection.
[2016.06.28-18.46.25:868][202]LogNet: UNetConnection::Close: Name: IpConnection_0, Driver: GameNetDriver IpNetDriver_1, PC: None, Owner: None, Channels: 2, RemoteAddr: 127.0.0.1:7777, Time: 2016.06.28-18.46.25
[2016.06.28-18.46.25:868][202]LogNet: UChannel::Close: Sending CloseBunch. ChIndex == 0. Name: ControlChannel_0
[2016.06.28-18.46.25:872][202]LogExit: GameNetDriver None shut down
[2016.06.28-18.46.25:872][202]LogExit: GameNetDriver None shut down
[2016.06.28-18.46.25:872][202]LogExit: GameNetDriver None shut down
[2016.06.28-18.46.25:872][202]LogParticles: Destroying 0 GPU particle simulations for FXSystem 0x000000CBAB4A2CA0
[2016.06.28-18.46.25:873][202]LogParticles: Destroying 0 GPU particle simulations for FXSystem 0x000000CBAB4B2520
[2016.06.28-18.46.25:873][202]LogParticles: Destroying 0 GPU particle simulations for FXSystem 0x000000CBAB4B16C0
[2016.06.28-18.46.25:873][202]LogExit: GameNetDriver None shut down
[2016.06.28-18.46.25:873][202]LogParticles: Destroying 0 GPU particle simulations for FXSystem 0x000000CBAD00ACA0
[2016.06.28-18.46.26:004][203]Cmd: QUIT_EDITOR
[2016.06.28-18.46.27:009][203]LogExit: Preparing to exit.
[2016.06.28-18.46.27:462][203]LogExit: Editor shut down
[2016.06.28-18.46.27:462][203]LogExit: Transaction tracking system shut down
[2016.06.28-18.46.27:464][203]LogParticles: Destroying 0 GPU particle simulations for FXSystem 0x000000CBC236AA20
[2016.06.28-18.46.27:464][203]LogParticles: Destroying 0 GPU particle simulations for FXSystem 0x000000CBD23979C0
[2016.06.28-18.46.27:464][203]LogParticles: Destroying 0 GPU particle simulations for FXSystem 0x000000CBAAE59EE0
[2016.06.28-18.46.27:465][203]LogParticles: Destroying 0 GPU particle simulations for FXSystem 0x000000CBB0D9CCC0
[2016.06.28-18.46.27:465][203]LogParticles: Destroying 0 GPU particle simulations for FXSystem 0x000000CBB0D9C9A0
[2016.06.28-18.46.27:625][203]LogExit: Object subsystem successfully closed.
[2016.06.28-18.46.27:643][203]LogD3D11RHI: Shutdown
[2016.06.28-18.46.27:643][203]LogD3D11RHI: CleanupD3DDevice
[2016.06.28-18.46.27:733][203]LogD3D11RHI: ~FD3D11DynamicRHI
[2016.06.28-18.46.27:748][203]LogModuleManager: Shutting down and abandoning module CrashTracker (188)
[2016.06.28-18.46.27:748][203]LogModuleManager: Shutting down and abandoning module SceneOutliner (187)
[2016.06.28-18.46.27:748][203]LogModuleManager: Shutting down and abandoning module SuperSearch (186)
[2016.06.28-18.46.27:748][203]LogModuleManager: Shutting down and abandoning module WidgetCarousel (185)
[2016.06.28-18.46.27:748][203]LogModuleManager: Shutting down and abandoning module AddContentDialog (184)
[2016.06.28-18.46.27:749][203]LogModuleManager: Shutting down and abandoning module EditorWidgets (183)
[2016.06.28-18.46.27:749][203]LogModuleManager: Shutting down and abandoning module CollectionManager (182)
[2016.06.28-18.46.27:749][203]LogModuleManager: Shutting down and abandoning module StatsViewer (181)
[2016.06.28-18.46.27:749][203]LogModuleManager: Shutting down and abandoning module FoliageEdit (180)
[2016.06.28-18.46.27:749][203]LogModuleManager: Shutting down and abandoning module LandscapeEditor (179)
[2016.06.28-18.46.27:749][203]LogModuleManager: Shutting down and abandoning module ActorPickerMode (178)
[2016.06.28-18.46.27:749][203]LogModuleManager: Shutting down and abandoning module GeometryMode (177)
[2016.06.28-18.46.27:749][203]LogModuleManager: Shutting down and abandoning module TextureAlignMode (176)
[2016.06.28-18.46.27:749][203]LogModuleManager: Shutting down and abandoning module BspMode (175)
[2016.06.28-18.46.27:749][203]LogModuleManager: Shutting down and abandoning module PlacementMode (174)
[2016.06.28-18.46.27:749][203]LogModuleManager: Shutting down and abandoning module AutomationWorker (173)
[2016.06.28-18.46.27:749][203]LogModuleManager: Shutting down and abandoning module CharacterAI (172)
[2016.06.28-18.46.27:749][203]LogModuleManager: Shutting down and abandoning module SmartSnapping (171)
[2016.06.28-18.46.27:749][203]LogModuleManager: Shutting down and abandoning module ViewportSnapping (170)
[2016.06.28-18.46.27:749][203]LogModuleManager: Shutting down and abandoning module LogVisualizer (169)
[2016.06.28-18.46.27:749][203]LogModuleManager: Shutting down and abandoning module GameProjectGeneration (168)
[2016.06.28-18.46.27:749][203]LogModuleManager: Shutting down and abandoning module IntroTutorials (167)
[2016.06.28-18.46.27:749][203]LogModuleManager: Shutting down and abandoning module EditorLiveStreaming (166)
[2016.06.28-18.46.27:749][203]LogModuleManager: Shutting down and abandoning module IOSPlatformEditor (165)
[2016.06.28-18.46.27:749][203]LogModuleManager: Shutting down and abandoning module HTML5PlatformEditor (164)
[2016.06.28-18.46.27:749][203]LogModuleManager: Shutting down and abandoning module AndroidDeviceDetection (163)
[2016.06.28-18.46.28:596][203]LogModuleManager: Shutting down and abandoning module AndroidPlatformEditor (162)
[2016.06.28-18.46.28:596][203]LogModuleManager: Shutting down and abandoning module IOSRuntimeSettings (161)
[2016.06.28-18.46.28:596][203]LogModuleManager: Shutting down and abandoning module AndroidRuntimeSettings (160)
[2016.06.28-18.46.28:596][203]LogModuleManager: Shutting down and abandoning module MergeActors (159)
[2016.06.28-18.46.28:596][203]LogModuleManager: Shutting down and abandoning module SizeMap (158)
[2016.06.28-18.46.28:596][203]LogModuleManager: Shutting down and abandoning module TreeMap (157)
[2016.06.28-18.46.28:596][203]LogModuleManager: Shutting down and abandoning module ReferenceViewer (156)
[2016.06.28-18.46.28:596][203]LogModuleManager: Shutting down and abandoning module LocalizationDashboard (155)
[2016.06.28-18.46.28:596][203]LogModuleManager: Shutting down and abandoning module HardwareTargeting (154)
[2016.06.28-18.46.28:596][203]LogModuleManager: Shutting down and abandoning module DeviceProfileEditor (153)
[2016.06.28-18.46.28:596][203]LogModuleManager: Shutting down and abandoning module UndoHistory (152)
[2016.06.28-18.46.28:596][203]LogModuleManager: Shutting down and abandoning module GameplayTagsEditor (151)
[2016.06.28-18.46.28:596][203]LogModuleManager: Shutting down and abandoning module UserFeedback (150)
[2016.06.28-18.46.28:596][203]LogModuleManager: Shutting down and abandoning module XmlParser (149)
[2016.06.28-18.46.28:596][203]LogModuleManager: Shutting down and abandoning module Blutility (148)
[2016.06.28-18.46.28:596][203]LogModuleManager: Shutting down and abandoning module ProjectTargetPlatformEditor (147)
[2016.06.28-18.46.28:596][203]LogModuleManager: Shutting down and abandoning module ProjectSettingsViewer (146)
[2016.06.28-18.46.28:596][203]LogModuleManager: Shutting down and abandoning module InputBindingEditor (145)
[2016.06.28-18.46.28:596][203]LogModuleManager: Shutting down and abandoning module EditorSettingsViewer (144)
[2016.06.28-18.46.28:596][203]LogModuleManager: Shutting down and abandoning module SettingsEditor (143)
[2016.06.28-18.46.28:596][203]LogModuleManager: Shutting down and abandoning module ProjectLauncher (142)
[2016.06.28-18.46.28:596][203]LogModuleManager: Shutting down and abandoning module SessionFrontend (141)
[2016.06.28-18.46.28:596][203]LogModuleManager: Shutting down and abandoning module ProfilerClient (140)
[2016.06.28-18.46.28:596][203]LogModuleManager: Shutting down and abandoning module TargetDeviceServices (139)
[2016.06.28-18.46.28:596][203]LogModuleManager: Shutting down and abandoning module DeviceManager (138)
[2016.06.28-18.46.28:596][203]LogModuleManager: Shutting down and abandoning module AutomationController (137)
[2016.06.28-18.46.28:596][203]LogModuleManager: Shutting down and abandoning module AutomationWindow (136)
[2016.06.28-18.46.28:596][203]LogModuleManager: Shutting down and abandoning module Layers (135)
[2016.06.28-18.46.28:596][203]LogModuleManager: Shutting down and abandoning module ComponentVisualizers (134)
[2016.06.28-18.46.28:596][203]LogModuleManager: Shutting down and abandoning module DetailCustomizations (133)
[2016.06.28-18.46.28:596][203]LogModuleManager: Shutting down and abandoning module PackagesDialog (132)
[2016.06.28-18.46.28:596][203]LogModuleManager: Shutting down and abandoning module AssetRegistry (131)
[2016.06.28-18.46.28:701][203]LogModuleManager: Shutting down and abandoning module Persona (130)
[2016.06.28-18.46.28:701][203]LogModuleManager: Shutting down and abandoning module Kismet (129)
[2016.06.28-18.46.28:701][203]LogModuleManager: Shutting down and abandoning module GraphEditor (128)
[2016.06.28-18.46.28:701][203]LogModuleManager: Shutting down and abandoning module ClassViewer (127)
[2016.06.28-18.46.28:701][203]LogModuleManager: Shutting down and abandoning module Toolbox (126)
[2016.06.28-18.46.28:701][203]LogModuleManager: Shutting down and abandoning module ModuleUI (125)
[2016.06.28-18.46.28:701][203]LogModuleManager: Shutting down and abandoning module MovieSceneTools (124)
[2016.06.28-18.46.28:701][203]LogModuleManager: Shutting down and abandoning module OutputLog (123)
[2016.06.28-18.46.28:701][203]LogModuleManager: Shutting down and abandoning module GammaUI (122)
[2016.06.28-18.46.28:701][203]LogModuleManager: Shutting down and abandoning module Documentation (121)
[2016.06.28-18.46.28:701][203]LogModuleManager: Shutting down and abandoning module GameLiveStreaming (120)
[2016.06.28-18.46.28:701][203]LogModuleManager: Shutting down and abandoning module StreamingPauseRendering (119)
[2016.06.28-18.46.28:701][203]LogModuleManager: Shutting down and abandoning module AnalyticsET (118)
[2016.06.28-18.46.28:701][203]LogModuleManager: Shutting down and abandoning module Analytics (117)
[2016.06.28-18.46.28:701][203]LogModuleManager: Shutting down and abandoning module AITestSuite (116)
[2016.06.28-18.46.28:701][203]LogModuleManager: Shutting down and abandoning module GameplayDebugger (115)
[2016.06.28-18.46.28:701][203]LogModuleManager: Shutting down and abandoning module AIModule (114)
[2016.06.28-18.46.28:701][203]LogModuleManager: Shutting down and abandoning module ProfilerService (113)
[2016.06.28-18.46.28:732][203]LogModuleManager: Shutting down and abandoning module TaskGraph (112)
[2016.06.28-18.46.28:732][203]LogModuleManager: Shutting down and abandoning module SlateRemote (111)
[2016.06.28-18.46.28:732][203]LogModuleManager: Shutting down and abandoning module SteamVRController (110)
[2016.06.28-18.46.28:732][203]LogModuleManager: Shutting down and abandoning module SteamVR (109)
[2016.06.28-18.46.28:732][203]LogModuleManager: Shutting down and abandoning module ProceduralMeshComponent (108)
[2016.06.28-18.46.28:732][203]LogModuleManager: Shutting down and abandoning module OculusRift (107)
[2016.06.28-18.46.28:732][203]LogModuleManager: Shutting down and abandoning module LeapMotionController (106)
[2016.06.28-18.46.28:750][203]LogModuleManager: Shutting down and abandoning module CustomMeshComponent (105)
[2016.06.28-18.46.28:750][203]LogModuleManager: Shutting down and abandoning module CableComponent (104)
[2016.06.28-18.46.28:750][203]LogModuleManager: Shutting down and abandoning module MessagingDebugger (103)
[2016.06.28-18.46.28:750][203]LogModuleManager: Shutting down and abandoning module MediaPlayerEditor (102)
[2016.06.28-18.46.28:750][203]LogModuleManager: Shutting down and abandoning module SpeedTreeImporter (101)
[2016.06.28-18.46.28:750][203]LogModuleManager: Shutting down and abandoning module PluginBrowser (100)
[2016.06.28-18.46.28:750][203]LogModuleManager: Shutting down and abandoning module EpicSurvey (99)
[2016.06.28-18.46.28:750][203]LogModuleManager: Shutting down and abandoning module DesktopPlatform (98)
[2016.06.28-18.46.28:750][203]LogModuleManager: Shutting down and abandoning module VisualStudioSourceCodeAccess (97)
[2016.06.28-18.46.28:750][203]LogModuleManager: Shutting down and abandoning module UObjectPlugin (96)
[2016.06.28-18.46.28:750][203]LogModuleManager: Shutting down and abandoning module SubversionSourceControl (95)
[2016.06.28-18.46.28:750][203]LogModuleManager: Shutting down and abandoning module PerforceSourceControl (94)
[2016.06.28-18.46.28:750][203]LogModuleManager: Shutting down and abandoning module SourceControl (93)
[2016.06.28-18.46.28:750][203]LogModuleManager: Shutting down and abandoning module GitSourceControl (92)
[2016.06.28-18.46.28:750][203]LogModuleManager: Shutting down and abandoning module BlankPlugin (91)
[2016.06.28-18.46.28:750][203]LogModuleManager: Shutting down and abandoning module PaperTiledImporter (90)
[2016.06.28-18.46.28:750][203]LogModuleManager: Shutting down and abandoning module PaperSpriteSheetImporter (89)
[2016.06.28-18.46.28:750][203]LogModuleManager: Shutting down and abandoning module MeshPaint (88)
[2016.06.28-18.46.28:750][203]LogModuleManager: Shutting down and abandoning module SlateReflector (87)
[2016.06.28-18.46.28:750][203]LogModuleManager: Shutting down and abandoning module DirectoryWatcher (86)
[2016.06.28-18.46.28:750][203]LogModuleManager: Shutting down and abandoning module HotReload (85)
[2016.06.28-18.46.28:750][203]LogModuleManager: Shutting down and abandoning module MainFrame (84)
[2016.06.28-18.46.28:750][203]LogModuleManager: Shutting down and abandoning module LevelEditor (83)
[2016.06.28-18.46.28:751][203]LogModuleManager: Shutting down and abandoning module ContentBrowser (82)
[2016.06.28-18.46.28:752][203]LogModuleManager: Shutting down and abandoning module Paper2DEditor (81)
[2016.06.28-18.46.28:752][203]LogModuleManager: Shutting down and abandoning module UdpMessaging (80)
[2016.06.28-18.46.28:853][203]LogModuleManager: Shutting down and abandoning module Paper2D (79)
[2016.06.28-18.46.28:853][203]LogModuleManager: Shutting down and abandoning module WindowsMoviePlayer (78)
[2016.06.28-18.46.28:855][203]LogModuleManager: Shutting down and abandoning module Media (77)
[2016.06.28-18.46.28:855][203]LogModuleManager: Shutting down and abandoning module WmfMedia (76)
[2016.06.28-18.46.28:855][203]LogModuleManager: Shutting down and abandoning module OnlineBlueprintSupport (75)
[2016.06.28-18.46.28:855][203]LogModuleManager: Shutting down and abandoning module PropertyEditor (74)
[2016.06.28-18.46.28:855][203]LogModuleManager: Shutting down and abandoning module BehaviorTreeEditor (73)
[2016.06.28-18.46.28:855][203]LogModuleManager: Shutting down and abandoning module FunctionalTesting (72)
[2016.06.28-18.46.28:855][203]LogModuleManager: Shutting down and abandoning module CollisionAnalyzer (71)
[2016.06.28-18.46.28:855][203]LogModuleManager: Shutting down and abandoning module WorkspaceMenuStructure (70)
[2016.06.28-18.46.28:855][203]LogModuleManager: Shutting down and abandoning module MessageLog (69)
[2016.06.28-18.46.28:855][203]LogModuleManager: Shutting down and abandoning module Sequencer (68)
[2016.06.28-18.46.28:855][203]LogModuleManager: Shutting down and abandoning module AssetTools (67)
[2016.06.28-18.46.28:855][203]LogModuleManager: Shutting down and abandoning module UMGEditor (66)
[2016.06.28-18.46.28:855][203]LogModuleManager: Shutting down and abandoning module UMG (65)
[2016.06.28-18.46.28:855][203]LogModuleManager: Shutting down and abandoning module Slate (64)
[2016.06.28-18.46.28:855][203]LogModuleManager: Shutting down and abandoning module EditorStyle (63)
[2016.06.28-18.46.28:857][203]LogModuleManager: Shutting down and abandoning module SessionServices (62)
[2016.06.28-18.46.28:857][203]LogModuleManager: Shutting down and abandoning module SourceCodeAccess (61)
[2016.06.28-18.46.28:857][203]LogModuleManager: Shutting down and abandoning module HeadMountedDisplay (60)
[2016.06.28-18.46.28:857][203]LogModuleManager: Shutting down and abandoning module XAudio2 (59)
[2016.06.28-18.46.28:857][203]LogModuleManager: Shutting down and abandoning module Networking (57)
[2016.06.28-18.46.28:857][203]LogModuleManager: Shutting down and abandoning module Core (56)
[2016.06.28-18.46.28:857][203]LogModuleManager: Shutting down and abandoning module KismetCompiler (55)
[2016.06.28-18.46.28:857][203]LogModuleManager: Shutting down and abandoning module PhysXFormats (54)
[2016.06.28-18.46.28:857][203]LogModuleManager: Shutting down and abandoning module MeshUtilities (53)
[2016.06.28-18.46.28:857][203]LogModuleManager: Shutting down and abandoning module DerivedDataCache (52)
[2016.06.28-18.46.28:911][203]LogDerivedDataCache: Shutdown
[2016.06.28-18.46.28:911][203]LogModuleManager: Shutting down and abandoning module ShaderFormatOpenGL (51)
[2016.06.28-18.46.28:911][203]LogModuleManager: Shutting down and abandoning module ShaderFormatD3D (50)
[2016.06.28-18.46.28:911][203]LogModuleManager: Shutting down and abandoning module MetalShaderFormat (49)
[2016.06.28-18.46.28:911][203]LogModuleManager: Shutting down and abandoning module TextureFormatUncompressed (48)
[2016.06.28-18.46.28:911][203]LogModuleManager: Shutting down and abandoning module TextureFormatPVR (47)
[2016.06.28-18.46.28:911][203]LogModuleManager: Shutting down and abandoning module TextureFormatIntelISPCTexComp (46)
[2016.06.28-18.46.28:911][203]LogModuleManager: Shutting down and abandoning module TextureFormatDXT (45)
[2016.06.28-18.46.28:911][203]LogModuleManager: Shutting down and abandoning module ImageWrapper (44)
[2016.06.28-18.46.28:911][203]LogModuleManager: Shutting down and abandoning module TextureFormatASTC (43)
[2016.06.28-18.46.28:911][203]LogModuleManager: Shutting down and abandoning module TextureFormatAndroid (42)
[2016.06.28-18.46.28:911][203]LogModuleManager: Shutting down and abandoning module AudioFormatOpus (41)
[2016.06.28-18.46.28:911][203]LogModuleManager: Shutting down and abandoning module AudioFormatOgg (40)
[2016.06.28-18.46.28:911][203]LogModuleManager: Shutting down and abandoning module AudioFormatADPCM (39)
[2016.06.28-18.46.28:911][203]LogModuleManager: Shutting down and abandoning module LinuxTargetPlatform (38)
[2016.06.28-18.46.28:911][203]LogModuleManager: Shutting down and abandoning module LinuxServerTargetPlatform (37)
[2016.06.28-18.46.28:911][203]LogModuleManager: Shutting down and abandoning module LinuxNoEditorTargetPlatform (36)
[2016.06.28-18.46.28:911][203]LogModuleManager: Shutting down and abandoning module Messaging (35)
[2016.06.28-18.46.28:911][203]LogModuleManager: Shutting down and abandoning module IOSTargetPlatform (34)
[2016.06.28-18.46.28:911][203]LogModuleManager: Shutting down and abandoning module HTML5TargetPlatform (33)
[2016.06.28-18.46.28:911][203]LogModuleManager: Shutting down and abandoning module Android_PVRTCTargetPlatform (32)
[2016.06.28-18.46.28:911][203]LogModuleManager: Shutting down and abandoning module Android_ETC2TargetPlatform (31)
[2016.06.28-18.46.28:911][203]LogModuleManager: Shutting down and abandoning module Android_ETC1TargetPlatform (30)
[2016.06.28-18.46.28:911][203]LogModuleManager: Shutting down and abandoning module Android_DXTTargetPlatform (29)
[2016.06.28-18.46.28:911][203]LogModuleManager: Shutting down and abandoning module Android_ATCTargetPlatform (28)
[2016.06.28-18.46.28:911][203]LogModuleManager: Shutting down and abandoning module Android_ASTCTargetPlatform (27)
[2016.06.28-18.46.28:911][203]LogModuleManager: Shutting down and abandoning module AndroidTargetPlatform (26)
[2016.06.28-18.46.28:911][203]LogModuleManager: Shutting down and abandoning module WindowsTargetPlatform (25)
[2016.06.28-18.46.28:912][203]LogModuleManager: Shutting down and abandoning module WindowsServerTargetPlatform (24)
[2016.06.28-18.46.28:912][203]LogModuleManager: Shutting down and abandoning module WindowsNoEditorTargetPlatform (23)
[2016.06.28-18.46.28:912][203]LogModuleManager: Shutting down and abandoning module WindowsClientTargetPlatform (22)
[2016.06.28-18.46.28:912][203]LogModuleManager: Shutting down and abandoning module DesktopTargetPlatform (21)
[2016.06.28-18.46.28:912][203]LogModuleManager: Shutting down and abandoning module TargetPlatform (20)
[2016.06.28-18.46.28:912][203]LogModuleManager: Shutting down and abandoning module InputCore (19)
[2016.06.28-18.46.28:912][203]LogModuleManager: Shutting down and abandoning module Settings (18)
[2016.06.28-18.46.28:912][203]LogModuleManager: Shutting down and abandoning module OnlineSubsystem (16)
[2016.06.28-18.46.28:912][203]LogModuleManager: Shutting down and abandoning module HTTP (15)
[2016.06.28-18.46.28:912][203]LogModuleManager: Shutting down and abandoning module ExampleDeviceProfileSelector (14)
[2016.06.28-18.46.28:912][203]LogModuleManager: Shutting down and abandoning module TextureCompressor (13)
[2016.06.28-18.46.28:912][203]LogModuleManager: Shutting down and abandoning module ShaderCore (12)
[2016.06.28-18.46.28:912][203]LogModuleManager: Shutting down and abandoning module Landscape (11)
[2016.06.28-18.46.28:912][203]LogModuleManager: Shutting down and abandoning module SlateRHIRenderer (10)
[2016.06.28-18.46.28:913][203]LogModuleManager: Shutting down and abandoning module OpenGLDrv (9)
[2016.06.28-18.46.28:913][203]LogModuleManager: Shutting down and abandoning module D3D11RHI (8)
[2016.06.28-18.46.28:913][203]LogModuleManager: Shutting down and abandoning module Renderer (7)
[2016.06.28-18.46.28:913][203]LogModuleManager: Shutting down and abandoning module Engine (6)
[2016.06.28-18.46.28:913][203]LogModuleManager: Shutting down and abandoning module CoreUObject (5)
[2016.06.28-18.46.28:913][203]LogModuleManager: Shutting down and abandoning module NetworkFile (4)
[2016.06.28-18.46.28:913][203]LogModuleManager: Shutting down and abandoning module StreamingFile (3)
[2016.06.28-18.46.28:913][203]LogModuleManager: Shutting down and abandoning module SandboxFile (2)
[2016.06.28-18.46.28:913][203]LogModuleManager: Shutting down and abandoning module PakFile (1)
[2016.06.28-18.46.28:913][203]LogExit: Exiting.
[2016.06.28-18.46.28:914][203]Log file closed, 06/28/16 19:46:28
