[2016.06.28-18.18.08:545][  0]Log file open, 06/28/16 19:18:08
[2016.06.28-18.18.08:545][  0]LogInit:Display: Running engine for game: dedi3p
[2016.06.28-18.18.08:545][  0]LogInit:Display: RandInit(1309293253) SRandInit(1309293253).
[2016.06.28-18.18.08:545][  0]LogTaskGraph: Started task graph with 4 named threads and 8 total threads.
[2016.06.28-18.18.08:545][  0]LogStats: Stats thread started
[2016.06.28-18.18.08:545][  0]LogInit: Version: 4.8.3-2634408+++depot+UE4-Releases+4.8
[2016.06.28-18.18.08:545][  0]LogInit: API Version: 2579680
[2016.06.28-18.18.08:545][  0]LogInit: Compiled (64-bit): Jul 27 2015 16:24:33
[2016.06.28-18.18.08:545][  0]LogInit: Compiled with Visual C++: 18.00.21005.01
[2016.06.28-18.18.08:545][  0]LogInit: Build Configuration: Development
[2016.06.28-18.18.08:545][  0]LogInit: Branch Name: ++depot+UE4-Releases+4.8
[2016.06.28-18.18.08:545][  0]LogInit: Command line:  
[2016.06.28-18.18.08:545][  0]LogInit: Base directory: D:/Program Files/Epic Games/4.8/Engine/Binaries/Win64/
[2016.06.28-18.18.08:545][  0]LogInit: Rocket: 1
[2016.06.28-18.18.08:554][  0]LogInit: Using libcurl 7.41.0
[2016.06.28-18.18.08:554][  0]LogInit:  - built for x86_64-pc-win32
[2016.06.28-18.18.08:554][  0]LogInit:  - supports SSL with WinSSL
[2016.06.28-18.18.08:554][  0]LogInit:  - other features:
[2016.06.28-18.18.08:554][  0]LogInit:      CURL_VERSION_SSL
[2016.06.28-18.18.08:554][  0]LogInit:      CURL_VERSION_IPV6
[2016.06.28-18.18.08:554][  0]LogInit:      CURL_VERSION_ASYNCHDNS
[2016.06.28-18.18.08:554][  0]LogInit:      CURL_VERSION_LARGEFILE
[2016.06.28-18.18.08:554][  0]LogInit:      CURL_VERSION_IDN
[2016.06.28-18.18.08:554][  0]LogInit:  CurlRequestOptions (configurable via config and command line):
[2016.06.28-18.18.08:554][  0]LogInit:  - bVerifyPeer = true  - Libcurl will verify peer certificate
[2016.06.28-18.18.08:554][  0]LogInit:  - bUseHttpProxy = false  - Libcurl will NOT use HTTP proxy
[2016.06.28-18.18.08:554][  0]LogInit:  - bDontReuseConnections = false  - Libcurl will reuse connections
[2016.06.28-18.18.08:554][  0]LogInit:  - CertBundlePath = nullptr  - Libcurl will use whatever was configured at build time.
[2016.06.28-18.18.08:563][  0]LogOnline:Warning: No default platform service specified for OnlineSubsystem
[2016.06.28-18.18.08:573][  0]LogInit: Presizing for 0 objects not considered by GC, pre-allocating 0 bytes.
[2016.06.28-18.18.08:579][  0]LogInit: Object subsystem initialized
[2016.06.28-18.18.08:580][  0]LogConsoleResponse:Warning: Skipping Unknown console variable: 'TranslucentSortAxis = (X=0.000000,Y=-1.000000,Z=0.000000)'
[2016.06.28-18.18.08:580][  0]LogConsoleResponse:Warning:   Found in ini file 'C:/Users/bbrid/Documents/Unreal Projects/dedi3p/Saved/Config/Windows/Engine.ini', in section '[/Script/Engine.RendererSettings]'
[2016.06.28-18.18.08:580][  0]LogConsoleResponse:Warning: Skipping Unknown console variable: 'UIScaleRule = ShortestSide'
[2016.06.28-18.18.08:580][  0]LogConsoleResponse:Warning:   Found in ini file 'C:/Users/bbrid/Documents/Unreal Projects/dedi3p/Saved/Config/Windows/Engine.ini', in section '[/Script/Engine.RendererSettings]'
[2016.06.28-18.18.08:580][  0]LogConsoleResponse:Warning: Skipping Unknown console variable: 'UIScaleCurve = (EditorCurveData=(Keys=),ExternalCurve=None)'
[2016.06.28-18.18.08:580][  0]LogConsoleResponse:Warning:   Found in ini file 'C:/Users/bbrid/Documents/Unreal Projects/dedi3p/Saved/Config/Windows/Engine.ini', in section '[/Script/Engine.RendererSettings]'
[2016.06.28-18.18.08:580][  0]LogInit: Selected Device Profile: [Windows]
[2016.06.28-18.18.08:580][  0]LogInit: Applying CVar settings loaded from the selected device profile: [Windows]
[2016.06.28-18.18.08:586][  0]LogInit: Computer: AEON
[2016.06.28-18.18.08:586][  0]LogInit: User: bbrid
[2016.06.28-18.18.08:586][  0]LogInit: CPU Page size=4096, Cores=8
[2016.06.28-18.18.08:586][  0]LogInit: High frequency timer resolution =2.927960 MHz
[2016.06.28-18.18.08:586][  0]LogMemory: Memory total: Physical=31.9GB (32GB approx)
[2016.06.28-18.18.08:586][  0]LogMemory: Platform Memory Stats for Windows
[2016.06.28-18.18.08:586][  0]LogMemory: Process Physical Memory: 49.54 MB used, 49.54 MB peak
[2016.06.28-18.18.08:586][  0]LogMemory: Process Virtual Memory: 24.73 MB used, 24.73 MB peak
[2016.06.28-18.18.08:586][  0]LogMemory: Physical Memory: 7095.29 MB used, 32669.64 MB total
[2016.06.28-18.18.08:586][  0]LogMemory: Virtual Memory: 314.60 MB used, 134217728.00 MB total
[2016.06.28-18.18.08:618][  0]LogTextLocalizationManager: The requested culture ('en_GB') has no localization data; parent culture's ('en') localization data will be used.
[2016.06.28-18.18.08:798][  0]LogTextLocalizationManager:Warning: Loaded localization resources contain conflicting entries for (Namespace:ContentBrowser, Key:ImportAssetToolTip):
Localization Resource: (D:/Program Files/Epic Games/4.8/Engine/Content/Localization/Editor/en/Editor.locres) Source String Hash: (-630476809) Localized String: (Import to {0}...)
Localization Resource: (D:/Program Files/Epic Games/4.8/Engine/Content/Localization/Editor/en/Editor.locres) Source String Hash: (1271782899) Localized String: (Imports an asset from file to this folder.)
[2016.06.28-18.18.09:195][  0]LogD3D11RHI: Found D3D11 adapter 0: NVIDIA GeForce GTX TITAN X (Feature Level 11_0)
[2016.06.28-18.18.09:195][  0]LogD3D11RHI: Adapter has 12175MB of dedicated video memory, 0MB of dedicated system memory, and 16334MB of shared system memory, 1 output[s]
[2016.06.28-18.18.09:195][  0]LogD3D11RHI: Found D3D11 adapter 1: Microsoft Basic Render Driver (Feature Level 11_0)
[2016.06.28-18.18.09:195][  0]LogD3D11RHI: Adapter has 0MB of dedicated video memory, 0MB of dedicated system memory, and 16334MB of shared system memory, 0 output[s]
[2016.06.28-18.18.09:195][  0]LogD3D11RHI: Chosen D3D11 Adapter Id = 0
[2016.06.28-18.18.09:200][  0]LogD3D11RHI: InitD3DDevice
[2016.06.28-18.18.09:200][  0]LogD3D11RHI: !Direct3DDevice
[2016.06.28-18.18.09:200][  0]LogRHI: Texture pool is 1361 MB (70% of 1945 MB)
[2016.06.28-18.18.09:210][  0]LogD3D11RHI: Async texture creation enabled
[2016.06.28-18.18.09:220][  0]LogShaderCompilers:Display: Using Local Shader Compiler.
[2016.06.28-18.18.09:894][  0]LogTemp:Display: Loaded TP DesktopTargetPlatform
[2016.06.28-18.18.09:905][  0]LogTemp:Display: Loaded TP WindowsClientTargetPlatform
[2016.06.28-18.18.09:915][  0]LogTemp:Display: Loaded TP WindowsNoEditorTargetPlatform
[2016.06.28-18.18.09:926][  0]LogTemp:Display: Loaded TP WindowsServerTargetPlatform
[2016.06.28-18.18.09:938][  0]LogTemp:Display: Loaded TP WindowsTargetPlatform
[2016.06.28-18.18.09:947][  0]LogTemp:Display: Loaded TP AndroidTargetPlatform
[2016.06.28-18.18.09:956][  0]LogTemp:Display: Loaded TP Android_ASTCTargetPlatform
[2016.06.28-18.18.09:965][  0]LogTemp:Display: Loaded TP Android_ATCTargetPlatform
[2016.06.28-18.18.09:975][  0]LogTemp:Display: Loaded TP Android_DXTTargetPlatform
[2016.06.28-18.18.09:984][  0]LogTemp:Display: Loaded TP Android_ETC1TargetPlatform
[2016.06.28-18.18.09:993][  0]LogTemp:Display: Loaded TP Android_ETC2TargetPlatform
[2016.06.28-18.18.10:003][  0]LogTemp:Display: Loaded TP Android_PVRTCTargetPlatform
[2016.06.28-18.18.10:041][  0]LogTemp:Display: Loaded TP IOSTargetPlatform
[2016.06.28-18.18.10:051][  0]LogTemp:Display: Loaded TP LinuxNoEditorTargetPlatform
[2016.06.28-18.18.10:061][  0]LogTemp:Display: Loaded TP LinuxServerTargetPlatform
[2016.06.28-18.18.10:072][  0]LogTemp:Display: Loaded TP LinuxTargetPlatform
[2016.06.28-18.18.10:072][  0]LogTargetPlatformManager:Display: Building Assets For Windows
[2016.06.28-18.18.10:229][  0]LogDerivedDataCache:Display: Max Cache Size: 512 MB
[2016.06.28-18.18.10:274][  0]LogDerivedDataCache: Loaded boot cache 0.04s 53MB C:/Users/bbrid/AppData/Local/UnrealEngine/4.8/DerivedDataCache/Boot.ddc.
[2016.06.28-18.18.10:274][  0]LogDerivedDataCache:Display: Loaded Boot cache: C:/Users/bbrid/AppData/Local/UnrealEngine/4.8/DerivedDataCache/Boot.ddc
[2016.06.28-18.18.10:274][  0]LogDerivedDataCache: FDerivedDataBackendGraph:  Pak pak cache file C:/Users/bbrid/Documents/Unreal Projects/dedi3p/DerivedDataCache/DDC.ddp not found, will not use a pak cache.
[2016.06.28-18.18.10:274][  0]LogDerivedDataCache: Unable to find inner node Pak for hierarchical cache Hierarchy.
[2016.06.28-18.18.10:274][  0]LogDerivedDataCache: FDerivedDataBackendGraph:  CompressedPak pak cache file C:/Users/bbrid/Documents/Unreal Projects/dedi3p/DerivedDataCache/Compressed.ddp not found, will not use a pak cache.
[2016.06.28-18.18.10:274][  0]LogDerivedDataCache: Unable to find inner node CompressedPak for hierarchical cache Hierarchy.
[2016.06.28-18.18.10:413][  0]LogDerivedDataCache:Display: Pak cache opened for reading ../../../Engine/DerivedDataCache/Compressed.ddp.
[2016.06.28-18.18.10:425][  0]LogDerivedDataCache: Using Local data cache path C:/Users/bbrid/AppData/Local/UnrealEngine/Common/DerivedDataCache: Writable
[2016.06.28-18.18.10:597][  0]LogInit: Selected Device Profile: [Windows]
[2016.06.28-18.18.10:673][  0]ImportText (ComponentSweepMultiTests): Missing closing parenthesis: (RootShapeAsset="/Engine/BasicShapes/Cube.Cube",ShapeType="TriggerCapsule",HitResult=(Time=0.50,Location=(X=-100.000015,Y=0.0,Z=100.000015),ImpactPoint=(X=-50.0,Y=0.0,Z=50.0),Normal=(X=-1.0,Y=-0.0,Z=0.0),ImpactNormal=(X=0.0,Y=0.0,Z=1.0),TraceStart=(X=-200.0,Y=0.0,Z=200.0),TraceEnd=(X=0.0,Y=0.0,Z=0.0))
[2016.06.28-18.18.10:674][  0]ImportText (LineTraceSingleByChannelTests): Missing closing parenthesis: (RootShapeAsset="/Engine/BasicShapes/Cube.Cube",HitResult=(Time=0.50,Location=(X=-100.000015,Y=0.0,Z=100.000015),ImpactPoint=(X=-50.0,Y=0.0,Z=50.0),Normal=(X=-1.0,Y=-0.0,Z=0.0),ImpactNormal=(X=0.0,Y=0.0,Z=1.0),TraceStart=(X=-200.0,Y=0.0,Z=200.0),TraceEnd=(X=0.0,Y=0.0,Z=0.0))
[2016.06.28-18.18.10:694][  0]LogMeshUtilities: No automatic mesh reduction module available
[2016.06.28-18.18.10:694][  0]LogMeshUtilities: No automatic mesh merging module available
[2016.06.28-18.18.10:953][  0]LogInit: WinSock: version 1.1 (2.2), MaxSocks=32767, MaxUdp=65467
[2016.06.28-18.18.11:739][  0]UdpMessaging: Initializing bridge on interface 0.0.0.0:0 to multicast group 230.0.0.1:6666.
[2016.06.28-18.18.12:007][  0]SourceControl: Info Source control is disabled
[2016.06.28-18.18.12:007][  0]SourceControl: Info Source control is disabled
[2016.06.28-18.18.12:015][  0]SourceControl: Info Source control is disabled
[2016.06.28-18.18.12:023][  0]SourceControl: Info Source control is disabled
[2016.06.28-18.18.12:197][  0]LogObj: 26273 objects as part of root set at end of initial load.
[2016.06.28-18.18.12:197][  0]LogUObjectAllocator: 5409248 out of 0 bytes used by permanent object pool.
[2016.06.28-18.18.12:258][  0]LogEngine: Initializing Engine...
[2016.06.28-18.18.12:260][  0]LogHMD: Can't find Oculus library dev build: is proper Runtime installed? Version: 0.6.0.0
[2016.06.28-18.18.12:261][  0]LogHMD:Warning: SteamVR failed to initialize.  Error: 110
[2016.06.28-18.18.12:384][  0]LogAIModule: Creating AISystem for world NewWorld
[2016.06.28-18.18.12:395][  0]LogInit: XAudio2 using 'ATXX58 series-0 (NVIDIA High Definition Audio)' : 2 channels at 48 kHz using 16 bits per sample (channel mask 0x3)
[2016.06.28-18.18.12:408][  0]LogInit: FAudioDevice initialized.
[2016.06.28-18.18.12:431][  0]LogDerivedDataCache: Saved boot cache 0.02s 53MB C:/Users/bbrid/AppData/Local/UnrealEngine/4.8/DerivedDataCache/Boot.ddc.
[2016.06.28-18.18.12:435][  0]LogInit: Texture streaming: Disabled
[2016.06.28-18.18.12:452][  0]LogAnalytics: Creating configured Analytics provider AnalyticsET
[2016.06.28-18.18.12:452][  0]LogAnalytics: [UEEditor.Rocket.Release] APIServer = http://et2.epicgames.com/ET2/. AppVersion = 4.8.3-2634408+++depot+UE4-Releases+4.8
[2016.06.28-18.18.12:452][  0]LogAnalytics: [UEEditor.Rocket.Release] SetUserId e2e5c4aa406bb5ff36e31eb1e140d11d|3fddbc77b76b46df894d89a536bbb656|c3d9c459-b98a-423f-82d6-aa62c9ea9f13
[2016.06.28-18.18.12:452][  0]LogAnalytics: [UEEditor.Rocket.Release] AnalyticsET::StartSession
[2016.06.28-18.18.12:474][  0]LogInit: Transaction tracking system initialized
[2016.06.28-18.18.12:559][  0]BlueprintLog: New page: Editor Load
[2016.06.28-18.18.12:587][  0]LogAssetRegistry: FAssetRegistry took 0.0113 seconds to start up
[2016.06.28-18.18.12:587][  0]LogDirectoryWatcher:Warning: Failed to begin reading directory changes for ../../../Engine/Plugins/Experimental/CharacterAI/Content/. Error: 0
[2016.06.28-18.18.13:309][  0]LogConsoleManager:Warning: Console variable 'r.VSync' wasn't set ('GameSetting' has a lower priority than 'SystemSettingsIni')
[2016.06.28-18.18.13:309][  0]LogConsoleResponse:Display: 
[2016.06.28-18.18.13:391][  0]LogCook:Display: Done creating registry. It took  0.00s.
[2016.06.28-18.18.13:519][  0]SourceControl: Info Source control is disabled
[2016.06.28-18.18.13:519][  0]Cmd: MAP LOAD FILE="C:/Users/bbrid/Documents/Unreal Projects/dedi3p/Content/ThirdPersonBP/Maps/ThirdPersonExampleMap.umap" TEMPLATE=0 SHOWPROGRESS=1 FEATURELEVEL=3
[2016.06.28-18.18.13:519][  0]LightingResults: New page: Lighting Build
[2016.06.28-18.18.13:528][  0]MapCheck: New page: Map Check
[2016.06.28-18.18.13:528][  0]LightingResults: New page: Lighting Build
[2016.06.28-18.18.13:535][  0]LogParticles: Destroying 0 GPU particle simulations for FXSystem 0x000000C84D865300
[2016.06.28-18.18.14:440][  0]LogAIModule: Creating AISystem for world ThirdPersonExampleMap
[2016.06.28-18.18.14:447][  0]LogEditorServer: Finished looking for orphan Actors (0.000 secs)
[2016.06.28-18.18.15:185][  0]Cmd: MAP CHECKDEP NOCLEARLOG
[2016.06.28-18.18.15:225][  0]MapCheck: Info Map check complete: 0 Error(s), 0 Warning(s), took 38.959ms to complete.
[2016.06.28-18.18.15:225][  0]LogFileHelpers: Loading map 'ThirdPersonExampleMap' took 1.705
[2016.06.28-18.18.15:329][  0]LogCollectionManager: Loaded 0 collections in 0.001221 seconds
[2016.06.28-18.18.15:338][  0]LogContentBrowser: Native class hierarchy populated in 0.0087 seconds. Added 1792 classes and 301 folders.
[2016.06.28-18.18.15:375][  0]LogContentBrowser: Native class hierarchy updated for 'WidgetCarousel' in 0.0003 seconds. Added 0 classes and 0 folders.
[2016.06.28-18.18.15:396][  0]LogContentBrowser: Native class hierarchy updated for 'AddContentDialog' in 0.0003 seconds. Added 0 classes and 0 folders.
[2016.06.28-18.18.15:407][  0]LogContentBrowser: Native class hierarchy updated for 'SceneOutliner' in 0.0003 seconds. Added 1 classes and 2 folders.
[2016.06.28-18.18.15:457][  0]LogCrashTracker: Crashtracker disabled due to settings.
[2016.06.28-18.18.15:457][  0]LogD3D11RHI: InitD3DDevice
[2016.06.28-18.18.15:460][  0]LogUObjectGlobals:Warning: Failed to find object 'Class None.'
[2016.06.28-18.18.15:481][  0]LogLoad: Full Startup: 8.10 seconds (BP compile: 0.27 seconds)
[2016.06.28-18.18.15:522][  0]LogContentStreaming: Texture pool size is 0.000000MB
[2016.06.28-18.18.15:545][  0]LogContentStreaming: Texture pool size now 1000 MB
[2016.06.28-18.18.15:638][  0]LogRenderer: Reallocating scene render targets to support 1208x576 (Frame:2).
[2016.06.28-18.18.15:908][  6]LogAssetRegistry: Asset discovery search completed in 3.3321 seconds
[2016.06.28-18.18.17:928][247]LogD3D11RHI: InitD3DDevice
[2016.06.28-18.18.19:334][412]LogD3D11RHI: InitD3DDevice
[2016.06.28-18.18.19:353][412]LogLinker:Warning: Asset '../../../Engine/Content/Tutorial/Basics/FeaturePacks.uasset' has been saved with empty engine version. The asset will be loaded but may be incompatible.
[2016.06.28-18.18.19:587][412]LogLinker:Warning: Asset '../../../Engine/Content/Tutorial/Mobile/InstallingiTunesTutorial.uasset' has been saved with empty engine version. The asset will be loaded but may be incompatible.
[2016.06.28-18.18.19:597][412]LogLinker:Warning: Asset '../../../Engine/Content/Tutorial/Mobile/SettingUpAndroidTutorial.uasset' has been saved with empty engine version. The asset will be loaded but may be incompatible.
[2016.06.28-18.18.19:704][412]LogD3D11RHI: InitD3DDevice
[2016.06.28-18.18.24:888][ 29]LogD3D11RHI: InitD3DDevice
[2016.06.28-18.18.29:137][537]LogD3D11RHI: InitD3DDevice
[2016.06.28-18.18.29:157][537]LogD3D11RHI: InitD3DDevice
[2016.06.28-18.18.29:182][537]LogLinker:Warning: Asset '../../../Engine/Content/ArtTools/RenderToTexture/Macros/RenderToTextureMacros.uasset' has been saved with empty engine version. The asset will be loaded but may be incompatible.
[2016.06.28-18.18.29:219][537]LogLinker:Warning: Asset '../../../Engine/Content/ArtTools/RenderToTexture/Enums/RenderToTexture_Enum.uasset' has been saved with empty engine version. The asset will be loaded but may be incompatible.
[2016.06.28-18.18.30:182][537]LogActor:Warning: GameNetworkManager /Engine/Transient.World_2:PersistentLevel.GameNetworkManager_0 has natively added scene component(s), but none of them were set as the actor's RootComponent - picking one arbitrarily
[2016.06.28-18.18.43:833][154]LogD3D11RHI: InitD3DDevice
[2016.06.28-18.18.43:854][154]LogD3D11RHI: InitD3DDevice
[2016.06.28-18.19.33:928][361]LogRenderer: Reallocating scene render targets to support 1208x904 (Frame:273).
[2016.06.28-18.19.55:502][929]LogD3D11RHI: InitD3DDevice
[2016.06.28-18.19.56:107][  0]LogD3D11RHI: InitD3DDevice
[2016.06.28-18.19.58:349][263]LogD3D11RHI: InitD3DDevice
[2016.06.28-18.19.58:590][290]LogD3D11RHI: InitD3DDevice
[2016.06.28-18.19.59:592][405]LogActorComponent: UnregisterComponent: (/Engine/Transient.CharMoveComp) Not registered. Aborting.
[2016.06.28-18.20.05:595][113]LogD3D11RHI: InitD3DDevice
[2016.06.28-18.20.06:322][198]LogActorComponent: UnregisterComponent: (/Engine/Transient.CharacterMovementComponent_0) Not registered. Aborting.
[2016.06.28-18.20.41:238][348]LogD3D11RHI: InitD3DDevice
[2016.06.28-18.21.44:482][509]BlueprintLog: New page: Pre-PIE auto-recompile
[2016.06.28-18.21.44:485][509]LogActorComponent: UnregisterComponent: (/Engine/Transient.CharacterMovementComponent_1) Not registered. Aborting.
[2016.06.28-18.21.44:495][509]LogPlayLevel: [PIE] Compiling ThirdPersonCharacter before PIE...
[2016.06.28-18.21.44:546][509]LogUObjectGlobals:Warning: Guid is in use by CapsuleComponent /Game/ThirdPersonBP/Maps/ThirdPersonExampleMap.ThirdPersonExampleMap:PersistentLevel.ThirdPersonCharacter_C_1.CollisionCylinder and CapsuleComponent /Game/ThirdPersonBP/Maps/ThirdPersonExampleMap.ThirdPersonExampleMap:PersistentLevel.ThirdPersonCharacter_C_0.CollisionCylinder, which should never happen in the editor but could happen at runtime with duplicate level loading or PIE
[2016.06.28-18.21.44:546][509]LogUObjectGlobals:Warning: Guid is in use by ArrowComponent /Game/ThirdPersonBP/Maps/ThirdPersonExampleMap.ThirdPersonExampleMap:PersistentLevel.ThirdPersonCharacter_C_1.Arrow and ArrowComponent /Game/ThirdPersonBP/Maps/ThirdPersonExampleMap.ThirdPersonExampleMap:PersistentLevel.ThirdPersonCharacter_C_0.Arrow, which should never happen in the editor but could happen at runtime with duplicate level loading or PIE
[2016.06.28-18.21.44:546][509]LogUObjectGlobals:Warning: Guid is in use by CharacterMovementComponent /Game/ThirdPersonBP/Maps/ThirdPersonExampleMap.ThirdPersonExampleMap:PersistentLevel.ThirdPersonCharacter_C_1.CharMoveComp and CharacterMovementComponent /Game/ThirdPersonBP/Maps/ThirdPersonExampleMap.ThirdPersonExampleMap:PersistentLevel.ThirdPersonCharacter_C_0.CharMoveComp, which should never happen in the editor but could happen at runtime with duplicate level loading or PIE
[2016.06.28-18.21.44:546][509]LogUObjectGlobals:Warning: Guid is in use by SkeletalMeshComponent /Game/ThirdPersonBP/Maps/ThirdPersonExampleMap.ThirdPersonExampleMap:PersistentLevel.ThirdPersonCharacter_C_1.CharacterMesh0 and SkeletalMeshComponent /Game/ThirdPersonBP/Maps/ThirdPersonExampleMap.ThirdPersonExampleMap:PersistentLevel.ThirdPersonCharacter_C_0.CharacterMesh0, which should never happen in the editor but could happen at runtime with duplicate level loading or PIE
[2016.06.28-18.21.44:636][509]LogParticles: Destroying 0 GPU particle simulations for FXSystem 0x000000C869B3EF20
[2016.06.28-18.21.44:707][509]LogPlayLevel: PIE:  Blueprint regeneration took 225 ms (1 blueprints)
[2016.06.28-18.21.44:709][509]PIE: New page: PIE session: ThirdPersonExampleMap (28 Jun 2016 20:21:44)
[2016.06.28-18.21.44:709][509]LogPlayLevel: Creating play world package: /Game/ThirdPersonBP/Maps/UEDPIE_1_ThirdPersonExampleMap
[2016.06.28-18.21.44:725][509]LogPlayLevel: PIE: StaticDuplicateObject took: (0.015836s)
[2016.06.28-18.21.44:726][509]LogAIModule: Creating AISystem for world ThirdPersonExampleMap
[2016.06.28-18.21.44:727][509]LogPlayLevel: PIE: World Init took: (0.001310s)
[2016.06.28-18.21.44:727][509]LogPlayLevel: PIE: Created PIE world by copying editor world from /Game/ThirdPersonBP/Maps/ThirdPersonExampleMap.ThirdPersonExampleMap to /Game/ThirdPersonBP/Maps/UEDPIE_1_ThirdPersonExampleMap.ThirdPersonExampleMap (0.017348s)
[2016.06.28-18.21.44:763][509]LogWorld: Game class is 'ThirdPersonGameMode_C'
[2016.06.28-18.21.44:765][509]LogActor:Warning: RecastNavMesh /Game/ThirdPersonBP/Maps/UEDPIE_1_ThirdPersonExampleMap.ThirdPersonExampleMap:PersistentLevel.RecastNavMesh_0 has natively added scene component(s), but none of them were set as the actor's RootComponent - picking one arbitrarily
[2016.06.28-18.21.44:769][509]LogWorld: Bringing World /Game/ThirdPersonBP/Maps/UEDPIE_1_ThirdPersonExampleMap.ThirdPersonExampleMap up for play (max tick rate 0) at 2016.06.28-19.21.44
[2016.06.28-18.21.44:769][509]LogActor:Warning: GameSession /Game/ThirdPersonBP/Maps/UEDPIE_1_ThirdPersonExampleMap.ThirdPersonExampleMap:PersistentLevel.GameSession_0 has natively added scene component(s), but none of them were set as the actor's RootComponent - picking one arbitrarily
[2016.06.28-18.21.44:769][509]LogActor:Warning: GameNetworkManager /Game/ThirdPersonBP/Maps/UEDPIE_1_ThirdPersonExampleMap.ThirdPersonExampleMap:PersistentLevel.GameNetworkManager_1 has natively added scene component(s), but none of them were set as the actor's RootComponent - picking one arbitrarily
[2016.06.28-18.21.44:770][509]LogWorld: Bringing up level for play took: 0.004542
[2016.06.28-18.21.44:770][509]LogInit: WinSock: Socket queue 131072 / 131072
[2016.06.28-18.21.44:772][509]LogInit: WinSock: I am Aeon (192.168.1.69:0)
[2016.06.28-18.21.44:772][509]LogNet: GameNetDriver IpNetDriver_0 IpNetDriver listening on port 7777
[2016.06.28-18.21.44:772][509]PIE: Info Play in editor start time for /Game/ThirdPersonBP/Maps/UEDPIE_1_ThirdPersonExampleMap -0.464
[2016.06.28-18.21.44:773][509]PIE: New page: PIE session: ThirdPersonExampleMap (28 Jun 2016 20:21:44)
[2016.06.28-18.21.44:784][509]LogInit: XAudio2 using 'ATXX58 series-0 (NVIDIA High Definition Audio)' : 2 channels at 48 kHz using 16 bits per sample (channel mask 0x3)
[2016.06.28-18.21.44:788][509]LogInit: FAudioDevice initialized.
[2016.06.28-18.21.44:835][509]LogNet: Browse: 127.0.0.1//Game/ThirdPersonBP/Maps/ThirdPersonExampleMap
[2016.06.28-18.21.44:836][509]LogInit: WinSock: Socket queue 32768 / 32768
[2016.06.28-18.21.44:836][509]LogNet: Game client on port 7777, rate 10000
[2016.06.28-18.21.44:836][509]LogNet: GetLocalNetworkVersion: GEngineNetVersion: 2634408, ProjectName: dedi3p, ProjectVersion: 1.0.0.0, InternalProtocolVersion: 8, LocalNetworkVersion: 820182082
[2016.06.28-18.21.44:836][509]PIE: Info Play in editor start time for /Game/ThirdPersonBP/Maps/ThirdPersonExampleMap -0.4
[2016.06.28-18.21.44:838][509]PIE: New page: PIE session: ThirdPersonExampleMap (28 Jun 2016 20:21:44)
[2016.06.28-18.21.44:842][509]LogD3D11RHI: InitD3DDevice
[2016.06.28-18.21.44:877][509]LogNet: Browse: 127.0.0.1//Game/ThirdPersonBP/Maps/ThirdPersonExampleMap
[2016.06.28-18.21.44:877][509]LogInit: WinSock: Socket queue 32768 / 32768
[2016.06.28-18.21.44:878][509]LogNet: Game client on port 7777, rate 10000
[2016.06.28-18.21.44:878][509]LogNet: GetLocalNetworkVersion: GEngineNetVersion: 2634408, ProjectName: dedi3p, ProjectVersion: 1.0.0.0, InternalProtocolVersion: 8, LocalNetworkVersion: 820182082
[2016.06.28-18.21.44:901][509]PIE: Info Play in editor start time for /Game/ThirdPersonBP/Maps/ThirdPersonExampleMap -0.335
[2016.06.28-18.21.44:902][509]PIE: New page: PIE session: ThirdPersonExampleMap (28 Jun 2016 20:21:44)
[2016.06.28-18.21.44:906][509]LogD3D11RHI: InitD3DDevice
[2016.06.28-18.21.44:936][509]LogNet: Browse: 127.0.0.1//Game/ThirdPersonBP/Maps/ThirdPersonExampleMap
[2016.06.28-18.21.44:937][509]LogInit: WinSock: Socket queue 32768 / 32768
[2016.06.28-18.21.44:937][509]LogNet: Game client on port 7777, rate 10000
[2016.06.28-18.21.44:937][509]LogNet: GetLocalNetworkVersion: GEngineNetVersion: 2634408, ProjectName: dedi3p, ProjectVersion: 1.0.0.0, InternalProtocolVersion: 8, LocalNetworkVersion: 820182082
[2016.06.28-18.21.44:961][509]PIE: Info Play in editor start time for /Game/ThirdPersonBP/Maps/ThirdPersonExampleMap -0.275
[2016.06.28-18.21.44:978][509]LogNet: NotifyAcceptingConnection: Server ThirdPersonExampleMap accept
[2016.06.28-18.21.44:978][509]LogNet: Open ThirdPersonExampleMap 06/28/16 19:21:44 127.0.0.1
[2016.06.28-18.21.44:978][509]LogNet: Added client connection.  Remote address = 127.0.0.1:64023
[2016.06.28-18.21.44:978][509]LogNet: NotifyAcceptingChannel Control 0 server World /Game/ThirdPersonBP/Maps/UEDPIE_1_ThirdPersonExampleMap.ThirdPersonExampleMap: Accepted
[2016.06.28-18.21.44:978][509]LogNet: Remote platform little endian=1
[2016.06.28-18.21.44:978][509]LogNet: This platform little endian=1
[2016.06.28-18.21.44:978][509]LogNet: GetLocalNetworkVersion: GEngineNetVersion: 2634408, ProjectName: dedi3p, ProjectVersion: 1.0.0.0, InternalProtocolVersion: 8, LocalNetworkVersion: 820182082
[2016.06.28-18.21.44:978][509]LogNet: NotifyAcceptingConnection: Server ThirdPersonExampleMap accept
[2016.06.28-18.21.44:978][509]LogNet: Open ThirdPersonExampleMap 06/28/16 19:21:44 127.0.0.1
[2016.06.28-18.21.44:978][509]LogNet: Added client connection.  Remote address = 127.0.0.1:64024
[2016.06.28-18.21.44:978][509]LogNet: NotifyAcceptingChannel Control 0 server World /Game/ThirdPersonBP/Maps/UEDPIE_1_ThirdPersonExampleMap.ThirdPersonExampleMap: Accepted
[2016.06.28-18.21.44:979][509]LogNet: Remote platform little endian=1
[2016.06.28-18.21.44:979][509]LogNet: This platform little endian=1
[2016.06.28-18.21.44:979][509]LogNet: GetLocalNetworkVersion: GEngineNetVersion: 2634408, ProjectName: dedi3p, ProjectVersion: 1.0.0.0, InternalProtocolVersion: 8, LocalNetworkVersion: 820182082
[2016.06.28-18.21.44:979][509]LogNet: NotifyAcceptingConnection: Server ThirdPersonExampleMap accept
[2016.06.28-18.21.44:979][509]LogNet: Open ThirdPersonExampleMap 06/28/16 19:21:44 127.0.0.1
[2016.06.28-18.21.44:979][509]LogNet: Added client connection.  Remote address = 127.0.0.1:64025
[2016.06.28-18.21.44:979][509]LogNet: NotifyAcceptingChannel Control 0 server World /Game/ThirdPersonBP/Maps/UEDPIE_1_ThirdPersonExampleMap.ThirdPersonExampleMap: Accepted
[2016.06.28-18.21.44:979][509]LogNet: Remote platform little endian=1
[2016.06.28-18.21.44:979][509]LogNet: This platform little endian=1
[2016.06.28-18.21.44:979][509]LogNet: GetLocalNetworkVersion: GEngineNetVersion: 2634408, ProjectName: dedi3p, ProjectVersion: 1.0.0.0, InternalProtocolVersion: 8, LocalNetworkVersion: 820182082
[2016.06.28-18.21.45:101][510]LogNet: Login request: /Game/ThirdPersonBP/Maps/ThirdPersonExampleMap userId: Invalid
[2016.06.28-18.21.45:101][510]LogNet: Login request: /Game/ThirdPersonBP/Maps/ThirdPersonExampleMap userId: Invalid
[2016.06.28-18.21.45:101][510]LogNet: Login request: /Game/ThirdPersonBP/Maps/ThirdPersonExampleMap userId: Invalid
[2016.06.28-18.21.45:102][510]LogNet: Welcomed by server (Level: /Game/ThirdPersonBP/Maps/UEDPIE_1_ThirdPersonExampleMap, Game: /Game/ThirdPersonBP/Blueprints/ThirdPersonGameMode.ThirdPersonGameMode_C)
[2016.06.28-18.21.45:125][510]LogLoad: LoadMap: 127.0.0.1//Game/ThirdPersonBP/Maps/UEDPIE_1_ThirdPersonExampleMap?game=/Game/ThirdPersonBP/Blueprints/ThirdPersonGameMode.ThirdPersonGameMode_C
[2016.06.28-18.21.45:131][510]LogActorComponent: UnregisterComponent: (/Engine/Transient.CharMoveComp) Not registered. Aborting.
[2016.06.28-18.21.45:147][510]LogParticles: Destroying 0 GPU particle simulations for FXSystem 0x000000C812A0DF80
[2016.06.28-18.21.45:155][510]Cmd: MEM
[2016.06.28-18.21.45:177][510]LogMemory: Platform Memory Stats for Windows
[2016.06.28-18.21.45:177][510]LogMemory: Process Physical Memory: 1082.14 MB used, 1182.24 MB peak
[2016.06.28-18.21.45:177][510]LogMemory: Process Virtual Memory: 1854.73 MB used, 1854.73 MB peak
[2016.06.28-18.21.45:177][510]LogMemory: Physical Memory: 8100.44 MB used, 32669.64 MB total
[2016.06.28-18.21.45:177][510]LogMemory: Virtual Memory: 2623.71 MB used, 134217728.00 MB total
[2016.06.28-18.21.45:177][510]LogMemory: 
[2016.06.28-18.21.45:177][510]Allocator Stats for TBB: (not implemented)
[2016.06.28-18.21.45:177][510]LogLinker: Can't find file for asset '/Game/ThirdPersonBP/Maps/UEDPIE_1_ThirdPersonExampleMap' while loading NULL.
[2016.06.28-18.21.45:194][510]LogWorld: PIE: Copying PIE streaming level from /Game/ThirdPersonBP/Maps/ThirdPersonExampleMap.ThirdPersonExampleMap to /Game/ThirdPersonBP/Maps/UEDPIE_2_ThirdPersonExampleMap.ThirdPersonExampleMap. OwningWorld: None
[2016.06.28-18.21.45:194][510]LogAIModule: Creating AISystem for world ThirdPersonExampleMap
[2016.06.28-18.21.45:200][510]LogWorld: Bringing World /Game/ThirdPersonBP/Maps/UEDPIE_2_ThirdPersonExampleMap.ThirdPersonExampleMap up for play (max tick rate 0) at 2016.06.28-19.21.45
[2016.06.28-18.21.45:201][510]LogWorld: Bringing up level for play took: 0.004513
[2016.06.28-18.21.45:212][510]LogNet: Welcomed by server (Level: /Game/ThirdPersonBP/Maps/UEDPIE_1_ThirdPersonExampleMap, Game: /Game/ThirdPersonBP/Blueprints/ThirdPersonGameMode.ThirdPersonGameMode_C)
[2016.06.28-18.21.45:216][510]LogLoad: LoadMap: 127.0.0.1//Game/ThirdPersonBP/Maps/UEDPIE_1_ThirdPersonExampleMap?game=/Game/ThirdPersonBP/Blueprints/ThirdPersonGameMode.ThirdPersonGameMode_C
[2016.06.28-18.21.45:243][510]LogParticles: Destroying 0 GPU particle simulations for FXSystem 0x000000C812A0FD80
[2016.06.28-18.21.45:243][510]Cmd: MEM
[2016.06.28-18.21.45:264][510]LogMemory: Platform Memory Stats for Windows
[2016.06.28-18.21.45:264][510]LogMemory: Process Physical Memory: 1082.56 MB used, 1182.24 MB peak
[2016.06.28-18.21.45:264][510]LogMemory: Process Virtual Memory: 1895.38 MB used, 1895.38 MB peak
[2016.06.28-18.21.45:264][510]LogMemory: Physical Memory: 8105.36 MB used, 32669.64 MB total
[2016.06.28-18.21.45:264][510]LogMemory: Virtual Memory: 2647.71 MB used, 134217728.00 MB total
[2016.06.28-18.21.45:264][510]LogMemory: 
[2016.06.28-18.21.45:264][510]Allocator Stats for TBB: (not implemented)
[2016.06.28-18.21.45:264][510]LogLinker: Can't find file for asset '/Game/ThirdPersonBP/Maps/UEDPIE_1_ThirdPersonExampleMap' while loading NULL.
[2016.06.28-18.21.45:283][510]LogWorld: PIE: Copying PIE streaming level from /Game/ThirdPersonBP/Maps/ThirdPersonExampleMap.ThirdPersonExampleMap to /Game/ThirdPersonBP/Maps/UEDPIE_3_ThirdPersonExampleMap.ThirdPersonExampleMap. OwningWorld: None
[2016.06.28-18.21.45:283][510]LogAIModule: Creating AISystem for world ThirdPersonExampleMap
[2016.06.28-18.21.45:289][510]LogWorld: Bringing World /Game/ThirdPersonBP/Maps/UEDPIE_3_ThirdPersonExampleMap.ThirdPersonExampleMap up for play (max tick rate 0) at 2016.06.28-19.21.45
[2016.06.28-18.21.45:289][510]LogWorld: Bringing up level for play took: 0.004371
[2016.06.28-18.21.45:304][510]LogNet: Welcomed by server (Level: /Game/ThirdPersonBP/Maps/UEDPIE_1_ThirdPersonExampleMap, Game: /Game/ThirdPersonBP/Blueprints/ThirdPersonGameMode.ThirdPersonGameMode_C)
[2016.06.28-18.21.45:308][510]LogLoad: LoadMap: 127.0.0.1//Game/ThirdPersonBP/Maps/UEDPIE_1_ThirdPersonExampleMap?game=/Game/ThirdPersonBP/Blueprints/ThirdPersonGameMode.ThirdPersonGameMode_C
[2016.06.28-18.21.45:332][510]LogParticles: Destroying 0 GPU particle simulations for FXSystem 0x000000C812301DA0
[2016.06.28-18.21.45:332][510]Cmd: MEM
[2016.06.28-18.21.45:353][510]LogMemory: Platform Memory Stats for Windows
[2016.06.28-18.21.45:353][510]LogMemory: Process Physical Memory: 1091.71 MB used, 1182.24 MB peak
[2016.06.28-18.21.45:353][510]LogMemory: Process Virtual Memory: 1918.11 MB used, 1931.20 MB peak
[2016.06.28-18.21.45:353][510]LogMemory: Physical Memory: 8114.76 MB used, 32669.64 MB total
[2016.06.28-18.21.45:353][510]LogMemory: Virtual Memory: 2663.77 MB used, 134217728.00 MB total
[2016.06.28-18.21.45:353][510]LogMemory: 
[2016.06.28-18.21.45:353][510]Allocator Stats for TBB: (not implemented)
[2016.06.28-18.21.45:353][510]LogLinker: Can't find file for asset '/Game/ThirdPersonBP/Maps/UEDPIE_1_ThirdPersonExampleMap' while loading NULL.
[2016.06.28-18.21.45:371][510]LogWorld: PIE: Copying PIE streaming level from /Game/ThirdPersonBP/Maps/ThirdPersonExampleMap.ThirdPersonExampleMap to /Game/ThirdPersonBP/Maps/UEDPIE_4_ThirdPersonExampleMap.ThirdPersonExampleMap. OwningWorld: None
[2016.06.28-18.21.45:372][510]LogAIModule: Creating AISystem for world ThirdPersonExampleMap
[2016.06.28-18.21.45:378][510]LogWorld: Bringing World /Game/ThirdPersonBP/Maps/UEDPIE_4_ThirdPersonExampleMap.ThirdPersonExampleMap up for play (max tick rate 0) at 2016.06.28-19.21.45
[2016.06.28-18.21.45:378][510]LogWorld: Bringing up level for play took: 0.004371
[2016.06.28-18.21.45:406][511]LogRenderer: Reallocating scene render targets to support 1280x904 (Frame:11990).
[2016.06.28-18.21.45:406][511]LogNet: Client netspeed is 10000
[2016.06.28-18.21.45:406][511]LogNet: Join request: /Game/ThirdPersonBP/Maps/ThirdPersonExampleMap?SplitscreenCount=1
[2016.06.28-18.21.45:410][511]LogNet: Join succeeded: 256
[2016.06.28-18.21.45:410][511]LogNet: Client netspeed is 10000
[2016.06.28-18.21.45:410][511]LogNet: Join request: /Game/ThirdPersonBP/Maps/ThirdPersonExampleMap?SplitscreenCount=1
[2016.06.28-18.21.45:412][511]LogNet: Join succeeded: 257
[2016.06.28-18.21.45:412][511]LogNet: Client netspeed is 10000
[2016.06.28-18.21.45:412][511]LogNet: Join request: /Game/ThirdPersonBP/Maps/ThirdPersonExampleMap?SplitscreenCount=1
[2016.06.28-18.21.45:413][511]LogNet: Join succeeded: 258
[2016.06.28-18.22.15:677][519]LogD3D11RHI: InitD3DDevice
[2016.06.28-18.22.17:108][690]LogD3D11RHI: InitD3DDevice
[2016.06.28-18.22.17:274][690]LogActor:Warning: GameNetworkManager /Engine/Transient.World_4:PersistentLevel.GameNetworkManager_2 has natively added scene component(s), but none of them were set as the actor's RootComponent - picking one arbitrarily
[2016.06.28-18.22.39:548][317]LogD3D11RHI: InitD3DDevice
[2016.06.28-18.22.47:127][800]LogActorComponent: UnregisterComponent: (/Engine/Transient.CharMoveComp) Not registered. Aborting.
[2016.06.28-18.22.47:144][800]LogParticles: Destroying 0 GPU particle simulations for FXSystem 0x000000C847C2B100
[2016.06.28-18.22.47:144][800]LogParticles: Destroying 0 GPU particle simulations for FXSystem 0x000000C847615F80
[2016.06.28-18.28.45:010][144]LogNet: UChannel::CleanUp: [GameNetDriver] [None] [None]. ChIndex == 0. Closing connection.
[2016.06.28-18.28.45:010][144]LogNet: UNetConnection::Close: Name: IpConnection_5, Driver: GameNetDriver IpNetDriver_0, PC: None, Owner: None, Channels: 2, RemoteAddr: 127.0.0.1:64025, Time: 2016.06.28-18.28.45
[2016.06.28-18.28.45:010][144]LogNet: UChannel::Close: Sending CloseBunch. ChIndex == 0. Name: ControlChannel_5
[2016.06.28-18.28.45:010][144]LogNet: UChannel::CleanUp: [GameNetDriver] [None] [None]. ChIndex == 0. Closing connection.
[2016.06.28-18.28.45:010][144]LogNet: UNetConnection::Close: Name: IpConnection_4, Driver: GameNetDriver IpNetDriver_0, PC: None, Owner: None, Channels: 2, RemoteAddr: 127.0.0.1:64024, Time: 2016.06.28-18.28.45
[2016.06.28-18.28.45:010][144]LogNet: UChannel::Close: Sending CloseBunch. ChIndex == 0. Name: ControlChannel_4
[2016.06.28-18.28.45:010][144]LogNet: UChannel::CleanUp: [GameNetDriver] [None] [None]. ChIndex == 0. Closing connection.
[2016.06.28-18.28.45:010][144]LogNet: UNetConnection::Close: Name: IpConnection_3, Driver: GameNetDriver IpNetDriver_0, PC: None, Owner: None, Channels: 2, RemoteAddr: 127.0.0.1:64023, Time: 2016.06.28-18.28.45
[2016.06.28-18.28.45:010][144]LogNet: UChannel::Close: Sending CloseBunch. ChIndex == 0. Name: ControlChannel_3
[2016.06.28-18.28.45:010][144]LogNet: UChannel::CleanUp: [GameNetDriver] [None] [None]. ChIndex == 0. Closing connection.
[2016.06.28-18.28.45:010][144]LogNet: UNetConnection::Close: Name: IpConnection_2, Driver: GameNetDriver IpNetDriver_3, PC: None, Owner: None, Channels: 2, RemoteAddr: 127.0.0.1:7777, Time: 2016.06.28-18.28.45
[2016.06.28-18.28.45:010][144]LogNet: UChannel::Close: Sending CloseBunch. ChIndex == 0. Name: ControlChannel_2
[2016.06.28-18.28.45:010][144]LogNet: UChannel::CleanUp: [GameNetDriver] [None] [None]. ChIndex == 0. Closing connection.
[2016.06.28-18.28.45:010][144]LogNet: UNetConnection::Close: Name: IpConnection_1, Driver: GameNetDriver IpNetDriver_2, PC: None, Owner: None, Channels: 2, RemoteAddr: 127.0.0.1:7777, Time: 2016.06.28-18.28.45
[2016.06.28-18.28.45:010][144]LogNet: UChannel::Close: Sending CloseBunch. ChIndex == 0. Name: ControlChannel_1
[2016.06.28-18.28.45:011][144]LogNet: UChannel::CleanUp: [GameNetDriver] [None] [None]. ChIndex == 0. Closing connection.
[2016.06.28-18.28.45:011][144]LogNet: UNetConnection::Close: Name: IpConnection_0, Driver: GameNetDriver IpNetDriver_1, PC: None, Owner: None, Channels: 2, RemoteAddr: 127.0.0.1:7777, Time: 2016.06.28-18.28.45
[2016.06.28-18.28.45:011][144]LogNet: UChannel::Close: Sending CloseBunch. ChIndex == 0. Name: ControlChannel_0
[2016.06.28-18.28.45:016][144]LogParticles: Destroying 0 GPU particle simulations for FXSystem 0x000000C81195AC00
[2016.06.28-18.28.45:016][144]LogExit: GameNetDriver None shut down
[2016.06.28-18.28.45:016][144]LogExit: GameNetDriver None shut down
[2016.06.28-18.28.45:016][144]LogExit: GameNetDriver None shut down
[2016.06.28-18.28.45:016][144]LogExit: GameNetDriver None shut down
[2016.06.28-18.28.45:016][144]LogParticles: Destroying 0 GPU particle simulations for FXSystem 0x000000C81220DDA0
[2016.06.28-18.28.45:040][145]LogParticles: Destroying 0 GPU particle simulations for FXSystem 0x000000C812A0D4E0
[2016.06.28-18.28.45:040][145]LogParticles: Destroying 0 GPU particle simulations for FXSystem 0x000000C812B2CA40
[2016.06.28-18.28.45:040][145]LogParticles: Destroying 0 GPU particle simulations for FXSystem 0x000000C812BEF060
[2016.06.28-18.28.46:222][148]LogD3D11RHI: InitD3DDevice
[2016.06.28-18.28.50:792][148]LogD3D11RHI: InitD3DDevice
[2016.06.28-18.28.50:896][148]LogSavePackage: Save=59.324921ms
[2016.06.28-18.28.50:896][148]LogSavePackage: Moving 'C:/Users/bbrid/Documents/Unreal Projects/dedi3p/Saved/ThirdPersonCharacter2CD65B5F4BCBC23A2A32AA937F97B688.tmp' to 'C:/Users/bbrid/Documents/Unreal Projects/dedi3p/Content/ThirdPersonBP/Blueprints/ThirdPersonCharacter.uasset'
[2016.06.28-18.28.50:957][148]LogActorComponent: UnregisterComponent: (/Engine/Transient.CharMoveComp) Not registered. Aborting.
[2016.06.28-18.28.51:420][148]LogSavePackage: Save=434.848846ms
[2016.06.28-18.28.51:420][148]LogSavePackage: Moving 'C:/Users/bbrid/Documents/Unreal Projects/dedi3p/Saved/ThirdPersonExampleMap73F511614F58813BD44D79A922D6F481.tmp' to 'C:/Users/bbrid/Documents/Unreal Projects/dedi3p/Content/ThirdPersonBP/Maps/ThirdPersonExampleMap.umap'
[2016.06.28-18.28.51:438][148]LogFileHelpers: Saving map 'ThirdPersonExampleMap' took 0.537
[2016.06.28-18.28.51:486][148]LogWindowsTextInputMethodSystem:Display: IME system now deactivated.
[2016.06.28-18.28.51:711][149]Cmd: QUIT_EDITOR
[2016.06.28-18.28.51:996][149]LogExit: Preparing to exit.
[2016.06.28-18.28.53:123][149]LogActorComponent: UnregisterComponent: (None.CameraComponent_0) Not registered. Aborting.
[2016.06.28-18.28.53:150][149]LogExit: Editor shut down
[2016.06.28-18.28.53:151][149]LogExit: Transaction tracking system shut down
[2016.06.28-18.28.53:152][149]LogParticles: Destroying 0 GPU particle simulations for FXSystem 0x000000C848F4BF60
[2016.06.28-18.28.53:152][149]LogParticles: Destroying 0 GPU particle simulations for FXSystem 0x000000C80C462E80
[2016.06.28-18.28.53:152][149]LogParticles: Destroying 0 GPU particle simulations for FXSystem 0x000000C869B3F880
[2016.06.28-18.28.53:156][149]LogParticles: Destroying 0 GPU particle simulations for FXSystem 0x000000C847769B20
[2016.06.28-18.28.53:156][149]LogParticles: Destroying 0 GPU particle simulations for FXSystem 0x000000C847644720
[2016.06.28-18.28.53:334][149]LogExit: Object subsystem successfully closed.
[2016.06.28-18.28.53:354][149]LogD3D11RHI: Shutdown
[2016.06.28-18.28.53:354][149]LogD3D11RHI: CleanupD3DDevice
[2016.06.28-18.28.53:432][149]LogD3D11RHI: ~FD3D11DynamicRHI
[2016.06.28-18.28.53:445][149]LogModuleManager: Shutting down and abandoning module CrashTracker (188)
[2016.06.28-18.28.53:445][149]LogModuleManager: Shutting down and abandoning module SceneOutliner (187)
[2016.06.28-18.28.53:445][149]LogModuleManager: Shutting down and abandoning module SuperSearch (186)
[2016.06.28-18.28.53:445][149]LogModuleManager: Shutting down and abandoning module WidgetCarousel (185)
[2016.06.28-18.28.53:445][149]LogModuleManager: Shutting down and abandoning module AddContentDialog (184)
[2016.06.28-18.28.53:446][149]LogModuleManager: Shutting down and abandoning module EditorWidgets (183)
[2016.06.28-18.28.53:446][149]LogModuleManager: Shutting down and abandoning module CollectionManager (182)
[2016.06.28-18.28.53:446][149]LogModuleManager: Shutting down and abandoning module StatsViewer (181)
[2016.06.28-18.28.53:446][149]LogModuleManager: Shutting down and abandoning module FoliageEdit (180)
[2016.06.28-18.28.53:446][149]LogModuleManager: Shutting down and abandoning module LandscapeEditor (179)
[2016.06.28-18.28.53:446][149]LogModuleManager: Shutting down and abandoning module ActorPickerMode (178)
[2016.06.28-18.28.53:446][149]LogModuleManager: Shutting down and abandoning module GeometryMode (177)
[2016.06.28-18.28.53:446][149]LogModuleManager: Shutting down and abandoning module TextureAlignMode (176)
[2016.06.28-18.28.53:446][149]LogModuleManager: Shutting down and abandoning module BspMode (175)
[2016.06.28-18.28.53:446][149]LogModuleManager: Shutting down and abandoning module PlacementMode (174)
[2016.06.28-18.28.53:446][149]LogModuleManager: Shutting down and abandoning module AutomationWorker (173)
[2016.06.28-18.28.53:446][149]LogModuleManager: Shutting down and abandoning module CharacterAI (172)
[2016.06.28-18.28.53:446][149]LogModuleManager: Shutting down and abandoning module SmartSnapping (171)
[2016.06.28-18.28.53:446][149]LogModuleManager: Shutting down and abandoning module ViewportSnapping (170)
[2016.06.28-18.28.53:446][149]LogModuleManager: Shutting down and abandoning module LogVisualizer (169)
[2016.06.28-18.28.53:446][149]LogModuleManager: Shutting down and abandoning module GameProjectGeneration (168)
[2016.06.28-18.28.53:446][149]LogModuleManager: Shutting down and abandoning module IntroTutorials (167)
[2016.06.28-18.28.53:446][149]LogModuleManager: Shutting down and abandoning module EditorLiveStreaming (166)
[2016.06.28-18.28.53:446][149]LogModuleManager: Shutting down and abandoning module IOSPlatformEditor (165)
[2016.06.28-18.28.53:446][149]LogModuleManager: Shutting down and abandoning module HTML5PlatformEditor (164)
[2016.06.28-18.28.53:446][149]LogModuleManager: Shutting down and abandoning module AndroidDeviceDetection (163)
[2016.06.28-18.28.54:400][149]LogModuleManager: Shutting down and abandoning module AndroidPlatformEditor (162)
[2016.06.28-18.28.54:400][149]LogModuleManager: Shutting down and abandoning module IOSRuntimeSettings (161)
[2016.06.28-18.28.54:400][149]LogModuleManager: Shutting down and abandoning module AndroidRuntimeSettings (160)
[2016.06.28-18.28.54:400][149]LogModuleManager: Shutting down and abandoning module MergeActors (159)
[2016.06.28-18.28.54:400][149]LogModuleManager: Shutting down and abandoning module SizeMap (158)
[2016.06.28-18.28.54:400][149]LogModuleManager: Shutting down and abandoning module TreeMap (157)
[2016.06.28-18.28.54:400][149]LogModuleManager: Shutting down and abandoning module ReferenceViewer (156)
[2016.06.28-18.28.54:400][149]LogModuleManager: Shutting down and abandoning module LocalizationDashboard (155)
[2016.06.28-18.28.54:400][149]LogModuleManager: Shutting down and abandoning module HardwareTargeting (154)
[2016.06.28-18.28.54:400][149]LogModuleManager: Shutting down and abandoning module DeviceProfileEditor (153)
[2016.06.28-18.28.54:400][149]LogModuleManager: Shutting down and abandoning module UndoHistory (152)
[2016.06.28-18.28.54:400][149]LogModuleManager: Shutting down and abandoning module GameplayTagsEditor (151)
[2016.06.28-18.28.54:400][149]LogModuleManager: Shutting down and abandoning module UserFeedback (150)
[2016.06.28-18.28.54:400][149]LogModuleManager: Shutting down and abandoning module XmlParser (149)
[2016.06.28-18.28.54:400][149]LogModuleManager: Shutting down and abandoning module Blutility (148)
[2016.06.28-18.28.54:400][149]LogModuleManager: Shutting down and abandoning module ProjectTargetPlatformEditor (147)
[2016.06.28-18.28.54:400][149]LogModuleManager: Shutting down and abandoning module ProjectSettingsViewer (146)
[2016.06.28-18.28.54:400][149]LogModuleManager: Shutting down and abandoning module InputBindingEditor (145)
[2016.06.28-18.28.54:400][149]LogModuleManager: Shutting down and abandoning module EditorSettingsViewer (144)
[2016.06.28-18.28.54:400][149]LogModuleManager: Shutting down and abandoning module SettingsEditor (143)
[2016.06.28-18.28.54:400][149]LogModuleManager: Shutting down and abandoning module ProjectLauncher (142)
[2016.06.28-18.28.54:400][149]LogModuleManager: Shutting down and abandoning module SessionFrontend (141)
[2016.06.28-18.28.54:400][149]LogModuleManager: Shutting down and abandoning module ProfilerClient (140)
[2016.06.28-18.28.54:400][149]LogModuleManager: Shutting down and abandoning module TargetDeviceServices (139)
[2016.06.28-18.28.54:400][149]LogModuleManager: Shutting down and abandoning module DeviceManager (138)
[2016.06.28-18.28.54:400][149]LogModuleManager: Shutting down and abandoning module AutomationController (137)
[2016.06.28-18.28.54:400][149]LogModuleManager: Shutting down and abandoning module AutomationWindow (136)
[2016.06.28-18.28.54:400][149]LogModuleManager: Shutting down and abandoning module Layers (135)
[2016.06.28-18.28.54:400][149]LogModuleManager: Shutting down and abandoning module ComponentVisualizers (134)
[2016.06.28-18.28.54:400][149]LogModuleManager: Shutting down and abandoning module DetailCustomizations (133)
[2016.06.28-18.28.54:400][149]LogModuleManager: Shutting down and abandoning module PackagesDialog (132)
[2016.06.28-18.28.54:401][149]LogModuleManager: Shutting down and abandoning module AssetRegistry (131)
[2016.06.28-18.28.54:452][149]LogModuleManager: Shutting down and abandoning module Persona (130)
[2016.06.28-18.28.54:452][149]LogModuleManager: Shutting down and abandoning module Kismet (129)
[2016.06.28-18.28.54:452][149]LogModuleManager: Shutting down and abandoning module GraphEditor (128)
[2016.06.28-18.28.54:452][149]LogModuleManager: Shutting down and abandoning module ClassViewer (127)
[2016.06.28-18.28.54:452][149]LogModuleManager: Shutting down and abandoning module Toolbox (126)
[2016.06.28-18.28.54:452][149]LogModuleManager: Shutting down and abandoning module ModuleUI (125)
[2016.06.28-18.28.54:452][149]LogModuleManager: Shutting down and abandoning module MovieSceneTools (124)
[2016.06.28-18.28.54:452][149]LogModuleManager: Shutting down and abandoning module OutputLog (123)
[2016.06.28-18.28.54:452][149]LogModuleManager: Shutting down and abandoning module GammaUI (122)
[2016.06.28-18.28.54:452][149]LogModuleManager: Shutting down and abandoning module Documentation (121)
[2016.06.28-18.28.54:452][149]LogModuleManager: Shutting down and abandoning module GameLiveStreaming (120)
[2016.06.28-18.28.54:452][149]LogModuleManager: Shutting down and abandoning module StreamingPauseRendering (119)
[2016.06.28-18.28.54:452][149]LogModuleManager: Shutting down and abandoning module AnalyticsET (118)
[2016.06.28-18.28.54:452][149]LogModuleManager: Shutting down and abandoning module Analytics (117)
[2016.06.28-18.28.54:452][149]LogModuleManager: Shutting down and abandoning module AITestSuite (116)
[2016.06.28-18.28.54:452][149]LogModuleManager: Shutting down and abandoning module GameplayDebugger (115)
[2016.06.28-18.28.54:452][149]LogModuleManager: Shutting down and abandoning module AIModule (114)
[2016.06.28-18.28.54:452][149]LogModuleManager: Shutting down and abandoning module ProfilerService (113)
[2016.06.28-18.28.54:580][149]LogModuleManager: Shutting down and abandoning module TaskGraph (112)
[2016.06.28-18.28.54:580][149]LogModuleManager: Shutting down and abandoning module SlateRemote (111)
[2016.06.28-18.28.54:580][149]LogModuleManager: Shutting down and abandoning module SteamVRController (110)
[2016.06.28-18.28.54:580][149]LogModuleManager: Shutting down and abandoning module SteamVR (109)
[2016.06.28-18.28.54:580][149]LogModuleManager: Shutting down and abandoning module ProceduralMeshComponent (108)
[2016.06.28-18.28.54:580][149]LogModuleManager: Shutting down and abandoning module OculusRift (107)
[2016.06.28-18.28.54:580][149]LogModuleManager: Shutting down and abandoning module LeapMotionController (106)
[2016.06.28-18.28.54:598][149]LogModuleManager: Shutting down and abandoning module CustomMeshComponent (105)
[2016.06.28-18.28.54:598][149]LogModuleManager: Shutting down and abandoning module CableComponent (104)
[2016.06.28-18.28.54:598][149]LogModuleManager: Shutting down and abandoning module MessagingDebugger (103)
[2016.06.28-18.28.54:598][149]LogModuleManager: Shutting down and abandoning module MediaPlayerEditor (102)
[2016.06.28-18.28.54:598][149]LogModuleManager: Shutting down and abandoning module SpeedTreeImporter (101)
[2016.06.28-18.28.54:598][149]LogModuleManager: Shutting down and abandoning module PluginBrowser (100)
[2016.06.28-18.28.54:598][149]LogModuleManager: Shutting down and abandoning module EpicSurvey (99)
[2016.06.28-18.28.54:598][149]LogModuleManager: Shutting down and abandoning module DesktopPlatform (98)
[2016.06.28-18.28.54:598][149]LogModuleManager: Shutting down and abandoning module VisualStudioSourceCodeAccess (97)
[2016.06.28-18.28.54:598][149]LogModuleManager: Shutting down and abandoning module UObjectPlugin (96)
[2016.06.28-18.28.54:598][149]LogModuleManager: Shutting down and abandoning module SubversionSourceControl (95)
[2016.06.28-18.28.54:598][149]LogModuleManager: Shutting down and abandoning module PerforceSourceControl (94)
[2016.06.28-18.28.54:598][149]LogModuleManager: Shutting down and abandoning module SourceControl (93)
[2016.06.28-18.28.54:598][149]LogModuleManager: Shutting down and abandoning module GitSourceControl (92)
[2016.06.28-18.28.54:598][149]LogModuleManager: Shutting down and abandoning module BlankPlugin (91)
[2016.06.28-18.28.54:598][149]LogModuleManager: Shutting down and abandoning module PaperTiledImporter (90)
[2016.06.28-18.28.54:598][149]LogModuleManager: Shutting down and abandoning module PaperSpriteSheetImporter (89)
[2016.06.28-18.28.54:598][149]LogModuleManager: Shutting down and abandoning module MeshPaint (88)
[2016.06.28-18.28.54:598][149]LogModuleManager: Shutting down and abandoning module SlateReflector (87)
[2016.06.28-18.28.54:598][149]LogModuleManager: Shutting down and abandoning module DirectoryWatcher (86)
[2016.06.28-18.28.54:599][149]LogModuleManager: Shutting down and abandoning module HotReload (85)
[2016.06.28-18.28.54:599][149]LogModuleManager: Shutting down and abandoning module MainFrame (84)
[2016.06.28-18.28.54:599][149]LogModuleManager: Shutting down and abandoning module LevelEditor (83)
[2016.06.28-18.28.54:600][149]LogModuleManager: Shutting down and abandoning module ContentBrowser (82)
[2016.06.28-18.28.54:600][149]LogModuleManager: Shutting down and abandoning module Paper2DEditor (81)
[2016.06.28-18.28.54:600][149]LogModuleManager: Shutting down and abandoning module UdpMessaging (80)
[2016.06.28-18.28.54:701][149]LogModuleManager: Shutting down and abandoning module Paper2D (79)
[2016.06.28-18.28.54:701][149]LogModuleManager: Shutting down and abandoning module WindowsMoviePlayer (78)
[2016.06.28-18.28.54:703][149]LogModuleManager: Shutting down and abandoning module Media (77)
[2016.06.28-18.28.54:703][149]LogModuleManager: Shutting down and abandoning module WmfMedia (76)
[2016.06.28-18.28.54:703][149]LogModuleManager: Shutting down and abandoning module OnlineBlueprintSupport (75)
[2016.06.28-18.28.54:703][149]LogModuleManager: Shutting down and abandoning module PropertyEditor (74)
[2016.06.28-18.28.54:703][149]LogModuleManager: Shutting down and abandoning module BehaviorTreeEditor (73)
[2016.06.28-18.28.54:703][149]LogModuleManager: Shutting down and abandoning module FunctionalTesting (72)
[2016.06.28-18.28.54:703][149]LogModuleManager: Shutting down and abandoning module CollisionAnalyzer (71)
[2016.06.28-18.28.54:703][149]LogModuleManager: Shutting down and abandoning module WorkspaceMenuStructure (70)
[2016.06.28-18.28.54:703][149]LogModuleManager: Shutting down and abandoning module MessageLog (69)
[2016.06.28-18.28.54:703][149]LogModuleManager: Shutting down and abandoning module Sequencer (68)
[2016.06.28-18.28.54:703][149]LogModuleManager: Shutting down and abandoning module AssetTools (67)
[2016.06.28-18.28.54:704][149]LogModuleManager: Shutting down and abandoning module UMGEditor (66)
[2016.06.28-18.28.54:704][149]LogModuleManager: Shutting down and abandoning module UMG (65)
[2016.06.28-18.28.54:704][149]LogModuleManager: Shutting down and abandoning module Slate (64)
[2016.06.28-18.28.54:704][149]LogModuleManager: Shutting down and abandoning module EditorStyle (63)
[2016.06.28-18.28.54:707][149]LogModuleManager: Shutting down and abandoning module SessionServices (62)
[2016.06.28-18.28.54:707][149]LogModuleManager: Shutting down and abandoning module SourceCodeAccess (61)
[2016.06.28-18.28.54:707][149]LogModuleManager: Shutting down and abandoning module HeadMountedDisplay (60)
[2016.06.28-18.28.54:707][149]LogModuleManager: Shutting down and abandoning module XAudio2 (59)
[2016.06.28-18.28.54:707][149]LogModuleManager: Shutting down and abandoning module Networking (57)
[2016.06.28-18.28.54:707][149]LogModuleManager: Shutting down and abandoning module Core (56)
[2016.06.28-18.28.54:707][149]LogModuleManager: Shutting down and abandoning module KismetCompiler (55)
[2016.06.28-18.28.54:707][149]LogModuleManager: Shutting down and abandoning module PhysXFormats (54)
[2016.06.28-18.28.54:707][149]LogModuleManager: Shutting down and abandoning module MeshUtilities (53)
[2016.06.28-18.28.54:707][149]LogModuleManager: Shutting down and abandoning module DerivedDataCache (52)
[2016.06.28-18.28.54:749][149]LogDerivedDataCache: Shutdown
[2016.06.28-18.28.54:749][149]LogModuleManager: Shutting down and abandoning module ShaderFormatOpenGL (51)
[2016.06.28-18.28.54:749][149]LogModuleManager: Shutting down and abandoning module ShaderFormatD3D (50)
[2016.06.28-18.28.54:749][149]LogModuleManager: Shutting down and abandoning module MetalShaderFormat (49)
[2016.06.28-18.28.54:749][149]LogModuleManager: Shutting down and abandoning module TextureFormatUncompressed (48)
[2016.06.28-18.28.54:749][149]LogModuleManager: Shutting down and abandoning module TextureFormatPVR (47)
[2016.06.28-18.28.54:749][149]LogModuleManager: Shutting down and abandoning module TextureFormatIntelISPCTexComp (46)
[2016.06.28-18.28.54:749][149]LogModuleManager: Shutting down and abandoning module TextureFormatDXT (45)
[2016.06.28-18.28.54:749][149]LogModuleManager: Shutting down and abandoning module ImageWrapper (44)
[2016.06.28-18.28.54:749][149]LogModuleManager: Shutting down and abandoning module TextureFormatASTC (43)
[2016.06.28-18.28.54:749][149]LogModuleManager: Shutting down and abandoning module TextureFormatAndroid (42)
[2016.06.28-18.28.54:749][149]LogModuleManager: Shutting down and abandoning module AudioFormatOpus (41)
[2016.06.28-18.28.54:749][149]LogModuleManager: Shutting down and abandoning module AudioFormatOgg (40)
[2016.06.28-18.28.54:749][149]LogModuleManager: Shutting down and abandoning module AudioFormatADPCM (39)
[2016.06.28-18.28.54:749][149]LogModuleManager: Shutting down and abandoning module LinuxTargetPlatform (38)
[2016.06.28-18.28.54:749][149]LogModuleManager: Shutting down and abandoning module LinuxServerTargetPlatform (37)
[2016.06.28-18.28.54:749][149]LogModuleManager: Shutting down and abandoning module LinuxNoEditorTargetPlatform (36)
[2016.06.28-18.28.54:749][149]LogModuleManager: Shutting down and abandoning module Messaging (35)
[2016.06.28-18.28.54:749][149]LogModuleManager: Shutting down and abandoning module IOSTargetPlatform (34)
[2016.06.28-18.28.54:749][149]LogModuleManager: Shutting down and abandoning module HTML5TargetPlatform (33)
[2016.06.28-18.28.54:749][149]LogModuleManager: Shutting down and abandoning module Android_PVRTCTargetPlatform (32)
[2016.06.28-18.28.54:749][149]LogModuleManager: Shutting down and abandoning module Android_ETC2TargetPlatform (31)
[2016.06.28-18.28.54:749][149]LogModuleManager: Shutting down and abandoning module Android_ETC1TargetPlatform (30)
[2016.06.28-18.28.54:749][149]LogModuleManager: Shutting down and abandoning module Android_DXTTargetPlatform (29)
[2016.06.28-18.28.54:749][149]LogModuleManager: Shutting down and abandoning module Android_ATCTargetPlatform (28)
[2016.06.28-18.28.54:749][149]LogModuleManager: Shutting down and abandoning module Android_ASTCTargetPlatform (27)
[2016.06.28-18.28.54:749][149]LogModuleManager: Shutting down and abandoning module AndroidTargetPlatform (26)
[2016.06.28-18.28.54:749][149]LogModuleManager: Shutting down and abandoning module WindowsTargetPlatform (25)
[2016.06.28-18.28.54:749][149]LogModuleManager: Shutting down and abandoning module WindowsServerTargetPlatform (24)
[2016.06.28-18.28.54:749][149]LogModuleManager: Shutting down and abandoning module WindowsNoEditorTargetPlatform (23)
[2016.06.28-18.28.54:749][149]LogModuleManager: Shutting down and abandoning module WindowsClientTargetPlatform (22)
[2016.06.28-18.28.54:749][149]LogModuleManager: Shutting down and abandoning module DesktopTargetPlatform (21)
[2016.06.28-18.28.54:749][149]LogModuleManager: Shutting down and abandoning module TargetPlatform (20)
[2016.06.28-18.28.54:749][149]LogModuleManager: Shutting down and abandoning module InputCore (19)
[2016.06.28-18.28.54:749][149]LogModuleManager: Shutting down and abandoning module Settings (18)
[2016.06.28-18.28.54:749][149]LogModuleManager: Shutting down and abandoning module OnlineSubsystem (16)
[2016.06.28-18.28.54:749][149]LogModuleManager: Shutting down and abandoning module HTTP (15)
[2016.06.28-18.28.54:749][149]LogModuleManager: Shutting down and abandoning module ExampleDeviceProfileSelector (14)
[2016.06.28-18.28.54:749][149]LogModuleManager: Shutting down and abandoning module TextureCompressor (13)
[2016.06.28-18.28.54:749][149]LogModuleManager: Shutting down and abandoning module ShaderCore (12)
[2016.06.28-18.28.54:749][149]LogModuleManager: Shutting down and abandoning module Landscape (11)
[2016.06.28-18.28.54:750][149]LogModuleManager: Shutting down and abandoning module SlateRHIRenderer (10)
[2016.06.28-18.28.54:752][149]LogModuleManager: Shutting down and abandoning module OpenGLDrv (9)
[2016.06.28-18.28.54:752][149]LogModuleManager: Shutting down and abandoning module D3D11RHI (8)
[2016.06.28-18.28.54:752][149]LogModuleManager: Shutting down and abandoning module Renderer (7)
[2016.06.28-18.28.54:752][149]LogModuleManager: Shutting down and abandoning module Engine (6)
[2016.06.28-18.28.54:752][149]LogModuleManager: Shutting down and abandoning module CoreUObject (5)
[2016.06.28-18.28.54:752][149]LogModuleManager: Shutting down and abandoning module NetworkFile (4)
[2016.06.28-18.28.54:752][149]LogModuleManager: Shutting down and abandoning module StreamingFile (3)
[2016.06.28-18.28.54:752][149]LogModuleManager: Shutting down and abandoning module SandboxFile (2)
[2016.06.28-18.28.54:752][149]LogModuleManager: Shutting down and abandoning module PakFile (1)
[2016.06.28-18.28.54:752][149]LogExit: Exiting.
[2016.06.28-18.28.54:760][149]Log file closed, 06/28/16 19:28:54
