[2016.06.28-21.32.02:490][  0]Log file open, 06/28/16 22:32:02
[2016.06.28-21.32.02:490][  0]LogInit:Display: Running engine for game: dedi3p
[2016.06.28-21.32.02:490][  0]LogInit:Display: RandInit(1012295553) SRandInit(1012295554).
[2016.06.28-21.32.02:490][  0]LogTaskGraph: Started task graph with 4 named threads and 8 total threads.
[2016.06.28-21.32.02:490][  0]LogStats: Stats thread started
[2016.06.28-21.32.02:490][  0]LogInit: Version: 4.8.3-2634408+++depot+UE4-Releases+4.8
[2016.06.28-21.32.02:490][  0]LogInit: API Version: 2579680
[2016.06.28-21.32.02:490][  0]LogInit: Compiled (64-bit): Jul 27 2015 16:24:33
[2016.06.28-21.32.02:490][  0]LogInit: Compiled with Visual C++: 18.00.21005.01
[2016.06.28-21.32.02:490][  0]LogInit: Build Configuration: Development
[2016.06.28-21.32.02:490][  0]LogInit: Branch Name: ++depot+UE4-Releases+4.8
[2016.06.28-21.32.02:490][  0]LogInit: Command line:  
[2016.06.28-21.32.02:490][  0]LogInit: Base directory: D:/Program Files/Epic Games/4.8/Engine/Binaries/Win64/
[2016.06.28-21.32.02:490][  0]LogInit: Rocket: 1
[2016.06.28-21.32.02:500][  0]LogInit: Using libcurl 7.41.0
[2016.06.28-21.32.02:500][  0]LogInit:  - built for x86_64-pc-win32
[2016.06.28-21.32.02:500][  0]LogInit:  - supports SSL with WinSSL
[2016.06.28-21.32.02:500][  0]LogInit:  - other features:
[2016.06.28-21.32.02:500][  0]LogInit:      CURL_VERSION_SSL
[2016.06.28-21.32.02:500][  0]LogInit:      CURL_VERSION_IPV6
[2016.06.28-21.32.02:500][  0]LogInit:      CURL_VERSION_ASYNCHDNS
[2016.06.28-21.32.02:500][  0]LogInit:      CURL_VERSION_LARGEFILE
[2016.06.28-21.32.02:500][  0]LogInit:      CURL_VERSION_IDN
[2016.06.28-21.32.02:500][  0]LogInit:  CurlRequestOptions (configurable via config and command line):
[2016.06.28-21.32.02:500][  0]LogInit:  - bVerifyPeer = true  - Libcurl will verify peer certificate
[2016.06.28-21.32.02:500][  0]LogInit:  - bUseHttpProxy = false  - Libcurl will NOT use HTTP proxy
[2016.06.28-21.32.02:500][  0]LogInit:  - bDontReuseConnections = false  - Libcurl will reuse connections
[2016.06.28-21.32.02:500][  0]LogInit:  - CertBundlePath = nullptr  - Libcurl will use whatever was configured at build time.
[2016.06.28-21.32.02:509][  0]LogOnline:Warning: No default platform service specified for OnlineSubsystem
[2016.06.28-21.32.02:588][  0]LogInit: Presizing for 0 objects not considered by GC, pre-allocating 0 bytes.
[2016.06.28-21.32.02:594][  0]LogInit: Object subsystem initialized
[2016.06.28-21.32.02:595][  0]LogConsoleResponse:Warning: Skipping Unknown console variable: 'TranslucentSortAxis = (X=0.000000,Y=-1.000000,Z=0.000000)'
[2016.06.28-21.32.02:595][  0]LogConsoleResponse:Warning:   Found in ini file 'C:/Users/bbrid/Documents/Unreal Projects/dedi3p/Saved/Config/Windows/Engine.ini', in section '[/Script/Engine.RendererSettings]'
[2016.06.28-21.32.02:595][  0]LogConsoleResponse:Warning: Skipping Unknown console variable: 'UIScaleRule = ShortestSide'
[2016.06.28-21.32.02:595][  0]LogConsoleResponse:Warning:   Found in ini file 'C:/Users/bbrid/Documents/Unreal Projects/dedi3p/Saved/Config/Windows/Engine.ini', in section '[/Script/Engine.RendererSettings]'
[2016.06.28-21.32.02:595][  0]LogConsoleResponse:Warning: Skipping Unknown console variable: 'UIScaleCurve = (EditorCurveData=(Keys=),ExternalCurve=None)'
[2016.06.28-21.32.02:595][  0]LogConsoleResponse:Warning:   Found in ini file 'C:/Users/bbrid/Documents/Unreal Projects/dedi3p/Saved/Config/Windows/Engine.ini', in section '[/Script/Engine.RendererSettings]'
[2016.06.28-21.32.02:596][  0]LogInit: Selected Device Profile: [Windows]
[2016.06.28-21.32.02:596][  0]LogInit: Applying CVar settings loaded from the selected device profile: [Windows]
[2016.06.28-21.32.02:602][  0]LogInit: Computer: AEON
[2016.06.28-21.32.02:602][  0]LogInit: User: bbrid
[2016.06.28-21.32.02:602][  0]LogInit: CPU Page size=4096, Cores=8
[2016.06.28-21.32.02:602][  0]LogInit: High frequency timer resolution =2.927960 MHz
[2016.06.28-21.32.02:602][  0]LogMemory: Memory total: Physical=31.9GB (32GB approx)
[2016.06.28-21.32.02:602][  0]LogMemory: Platform Memory Stats for Windows
[2016.06.28-21.32.02:602][  0]LogMemory: Process Physical Memory: 49.50 MB used, 49.50 MB peak
[2016.06.28-21.32.02:602][  0]LogMemory: Process Virtual Memory: 24.74 MB used, 24.74 MB peak
[2016.06.28-21.32.02:602][  0]LogMemory: Physical Memory: 6417.46 MB used, 32669.64 MB total
[2016.06.28-21.32.02:602][  0]LogMemory: Virtual Memory: 314.60 MB used, 134217728.00 MB total
[2016.06.28-21.32.02:666][  0]LogTextLocalizationManager: The requested culture ('en_GB') has no localization data; parent culture's ('en') localization data will be used.
[2016.06.28-21.32.02:845][  0]LogTextLocalizationManager:Warning: Loaded localization resources contain conflicting entries for (Namespace:ContentBrowser, Key:ImportAssetToolTip):
Localization Resource: (D:/Program Files/Epic Games/4.8/Engine/Content/Localization/Editor/en/Editor.locres) Source String Hash: (-630476809) Localized String: (Import to {0}...)
Localization Resource: (D:/Program Files/Epic Games/4.8/Engine/Content/Localization/Editor/en/Editor.locres) Source String Hash: (1271782899) Localized String: (Imports an asset from file to this folder.)
[2016.06.28-21.32.03:253][  0]LogD3D11RHI: Found D3D11 adapter 0: NVIDIA GeForce GTX TITAN X (Feature Level 11_0)
[2016.06.28-21.32.03:253][  0]LogD3D11RHI: Adapter has 12175MB of dedicated video memory, 0MB of dedicated system memory, and 16334MB of shared system memory, 1 output[s]
[2016.06.28-21.32.03:255][  0]LogD3D11RHI: Found D3D11 adapter 1: Microsoft Basic Render Driver (Feature Level 11_0)
[2016.06.28-21.32.03:255][  0]LogD3D11RHI: Adapter has 0MB of dedicated video memory, 0MB of dedicated system memory, and 16334MB of shared system memory, 0 output[s]
[2016.06.28-21.32.03:255][  0]LogD3D11RHI: Chosen D3D11 Adapter Id = 0
[2016.06.28-21.32.03:259][  0]LogD3D11RHI: InitD3DDevice
[2016.06.28-21.32.03:259][  0]LogD3D11RHI: !Direct3DDevice
[2016.06.28-21.32.03:259][  0]LogRHI: Texture pool is 1361 MB (70% of 1945 MB)
[2016.06.28-21.32.03:269][  0]LogD3D11RHI: Async texture creation enabled
[2016.06.28-21.32.03:278][  0]LogShaderCompilers:Display: Using Local Shader Compiler.
[2016.06.28-21.32.04:207][  0]LogTemp:Display: Loaded TP DesktopTargetPlatform
[2016.06.28-21.32.04:266][  0]LogTemp:Display: Loaded TP WindowsClientTargetPlatform
[2016.06.28-21.32.04:298][  0]LogTemp:Display: Loaded TP WindowsNoEditorTargetPlatform
[2016.06.28-21.32.04:350][  0]LogTemp:Display: Loaded TP WindowsServerTargetPlatform
[2016.06.28-21.32.04:385][  0]LogTemp:Display: Loaded TP WindowsTargetPlatform
[2016.06.28-21.32.04:443][  0]LogTemp:Display: Loaded TP AndroidTargetPlatform
[2016.06.28-21.32.04:474][  0]LogTemp:Display: Loaded TP Android_ASTCTargetPlatform
[2016.06.28-21.32.04:492][  0]LogTemp:Display: Loaded TP Android_ATCTargetPlatform
[2016.06.28-21.32.04:518][  0]LogTemp:Display: Loaded TP Android_DXTTargetPlatform
[2016.06.28-21.32.04:545][  0]LogTemp:Display: Loaded TP Android_ETC1TargetPlatform
[2016.06.28-21.32.04:587][  0]LogTemp:Display: Loaded TP Android_ETC2TargetPlatform
[2016.06.28-21.32.04:614][  0]LogTemp:Display: Loaded TP Android_PVRTCTargetPlatform
[2016.06.28-21.32.04:825][  0]LogTemp:Display: Loaded TP IOSTargetPlatform
[2016.06.28-21.32.04:887][  0]LogTemp:Display: Loaded TP LinuxNoEditorTargetPlatform
[2016.06.28-21.32.04:908][  0]LogTemp:Display: Loaded TP LinuxServerTargetPlatform
[2016.06.28-21.32.04:945][  0]LogTemp:Display: Loaded TP LinuxTargetPlatform
[2016.06.28-21.32.04:945][  0]LogTargetPlatformManager:Display: Building Assets For Windows
[2016.06.28-21.32.05:662][  0]LogDerivedDataCache:Display: Max Cache Size: 512 MB
[2016.06.28-21.32.05:775][  0]LogDerivedDataCache: Loaded boot cache 0.11s 53MB C:/Users/bbrid/AppData/Local/UnrealEngine/4.8/DerivedDataCache/Boot.ddc.
[2016.06.28-21.32.05:775][  0]LogDerivedDataCache:Display: Loaded Boot cache: C:/Users/bbrid/AppData/Local/UnrealEngine/4.8/DerivedDataCache/Boot.ddc
[2016.06.28-21.32.05:776][  0]LogDerivedDataCache: FDerivedDataBackendGraph:  Pak pak cache file C:/Users/bbrid/Documents/Unreal Projects/dedi3p/DerivedDataCache/DDC.ddp not found, will not use a pak cache.
[2016.06.28-21.32.05:776][  0]LogDerivedDataCache: Unable to find inner node Pak for hierarchical cache Hierarchy.
[2016.06.28-21.32.05:776][  0]LogDerivedDataCache: FDerivedDataBackendGraph:  CompressedPak pak cache file C:/Users/bbrid/Documents/Unreal Projects/dedi3p/DerivedDataCache/Compressed.ddp not found, will not use a pak cache.
[2016.06.28-21.32.05:776][  0]LogDerivedDataCache: Unable to find inner node CompressedPak for hierarchical cache Hierarchy.
[2016.06.28-21.32.05:969][  0]LogDerivedDataCache:Display: Pak cache opened for reading ../../../Engine/DerivedDataCache/Compressed.ddp.
[2016.06.28-21.32.05:981][  0]LogDerivedDataCache: Using Local data cache path C:/Users/bbrid/AppData/Local/UnrealEngine/Common/DerivedDataCache: Writable
[2016.06.28-21.32.11:462][  0]LogInit: Selected Device Profile: [Windows]
[2016.06.28-21.32.12:660][  0]ImportText (ComponentSweepMultiTests): Missing closing parenthesis: (RootShapeAsset="/Engine/BasicShapes/Cube.Cube",ShapeType="TriggerCapsule",HitResult=(Time=0.50,Location=(X=-100.000015,Y=0.0,Z=100.000015),ImpactPoint=(X=-50.0,Y=0.0,Z=50.0),Normal=(X=-1.0,Y=-0.0,Z=0.0),ImpactNormal=(X=0.0,Y=0.0,Z=1.0),TraceStart=(X=-200.0,Y=0.0,Z=200.0),TraceEnd=(X=0.0,Y=0.0,Z=0.0))
[2016.06.28-21.32.12:660][  0]ImportText (LineTraceSingleByChannelTests): Missing closing parenthesis: (RootShapeAsset="/Engine/BasicShapes/Cube.Cube",HitResult=(Time=0.50,Location=(X=-100.000015,Y=0.0,Z=100.000015),ImpactPoint=(X=-50.0,Y=0.0,Z=50.0),Normal=(X=-1.0,Y=-0.0,Z=0.0),ImpactNormal=(X=0.0,Y=0.0,Z=1.0),TraceStart=(X=-200.0,Y=0.0,Z=200.0),TraceEnd=(X=0.0,Y=0.0,Z=0.0))
[2016.06.28-21.32.12:935][  0]LogMeshUtilities: No automatic mesh reduction module available
[2016.06.28-21.32.12:935][  0]LogMeshUtilities: No automatic mesh merging module available
[2016.06.28-21.32.15:831][  0]LogInit: WinSock: version 1.1 (2.2), MaxSocks=32767, MaxUdp=65467
[2016.06.28-21.32.22:941][  0]UdpMessaging: Initializing bridge on interface 0.0.0.0:0 to multicast group 230.0.0.1:6666.
[2016.06.28-21.32.25:294][  0]SourceControl: Info Source control is disabled
[2016.06.28-21.32.25:295][  0]SourceControl: Info Source control is disabled
[2016.06.28-21.32.25:425][  0]SourceControl: Info Source control is disabled
[2016.06.28-21.32.25:532][  0]SourceControl: Info Source control is disabled
[2016.06.28-21.32.26:371][  0]LogObj: 26273 objects as part of root set at end of initial load.
[2016.06.28-21.32.26:371][  0]LogUObjectAllocator: 5409248 out of 0 bytes used by permanent object pool.
[2016.06.28-21.32.27:215][  0]LogEngine: Initializing Engine...
[2016.06.28-21.32.27:251][  0]LogHMD: Can't find Oculus library dev build: is proper Runtime installed? Version: 0.6.0.0
[2016.06.28-21.32.27:267][  0]LogHMD:Warning: SteamVR failed to initialize.  Error: 110
[2016.06.28-21.32.28:262][  0]LogAIModule: Creating AISystem for world NewWorld
[2016.06.28-21.32.28:445][  0]LogInit: XAudio2 using 'ATXX58 series-0 (NVIDIA High Definition Audio)' : 2 channels at 48 kHz using 16 bits per sample (channel mask 0x3)
[2016.06.28-21.32.28:464][  0]LogInit: FAudioDevice initialized.
[2016.06.28-21.32.28:496][  0]LogDerivedDataCache: Saved boot cache 0.03s 53MB C:/Users/bbrid/AppData/Local/UnrealEngine/4.8/DerivedDataCache/Boot.ddc.
[2016.06.28-21.32.28:503][  0]LogInit: Texture streaming: Disabled
[2016.06.28-21.32.28:590][  0]LogAnalytics: Creating configured Analytics provider AnalyticsET
[2016.06.28-21.32.28:590][  0]LogAnalytics: [UEEditor.Rocket.Release] APIServer = http://et2.epicgames.com/ET2/. AppVersion = 4.8.3-2634408+++depot+UE4-Releases+4.8
[2016.06.28-21.32.28:591][  0]LogAnalytics: [UEEditor.Rocket.Release] SetUserId e2e5c4aa406bb5ff36e31eb1e140d11d|3fddbc77b76b46df894d89a536bbb656|c3d9c459-b98a-423f-82d6-aa62c9ea9f13
[2016.06.28-21.32.28:591][  0]LogAnalytics: [UEEditor.Rocket.Release] AnalyticsET::StartSession
[2016.06.28-21.32.29:067][  0]LogInit: Transaction tracking system initialized
[2016.06.28-21.32.29:589][  0]BlueprintLog: New page: Editor Load
[2016.06.28-21.32.29:723][  0]LogAssetRegistry: FAssetRegistry took 0.0204 seconds to start up
[2016.06.28-21.32.29:724][  0]LogDirectoryWatcher:Warning: Failed to begin reading directory changes for ../../../Engine/Plugins/Experimental/CharacterAI/Content/. Error: 0
[2016.06.28-21.32.33:169][  0]LogConsoleManager:Warning: Console variable 'r.VSync' wasn't set ('GameSetting' has a lower priority than 'SystemSettingsIni')
[2016.06.28-21.32.33:169][  0]LogConsoleResponse:Display: 
[2016.06.28-21.32.34:303][  0]LogCook:Display: Done creating registry. It took  0.00s.
[2016.06.28-21.32.35:232][  0]SourceControl: Info Source control is disabled
[2016.06.28-21.32.35:296][  0]Cmd: MAP LOAD FILE="C:/Users/bbrid/Documents/Unreal Projects/dedi3p/Content/ThirdPersonBP/Maps/ThirdPersonExampleMap.umap" TEMPLATE=0 SHOWPROGRESS=1 FEATURELEVEL=3
[2016.06.28-21.32.35:317][  0]LightingResults: New page: Lighting Build
[2016.06.28-21.32.35:455][  0]MapCheck: New page: Map Check
[2016.06.28-21.32.35:455][  0]LightingResults: New page: Lighting Build
[2016.06.28-21.32.35:641][  0]LogParticles: Destroying 0 GPU particle simulations for FXSystem 0x000000B542BF1300
[2016.06.28-21.32.38:185][  0]LogAIModule: Creating AISystem for world ThirdPersonExampleMap
[2016.06.28-21.32.38:874][  0]LogEditorServer: Finished looking for orphan Actors (0.001 secs)
[2016.06.28-21.32.39:791][  0]Cmd: MAP CHECKDEP NOCLEARLOG
[2016.06.28-21.32.39:845][  0]MapCheck: Info Map check complete: 0 Error(s), 0 Warning(s), took 53.304ms to complete.
[2016.06.28-21.32.39:849][  0]LogFileHelpers: Loading map 'ThirdPersonExampleMap' took 4.571
[2016.06.28-21.32.41:808][  0]LogCollectionManager: Loaded 0 collections in 0.001455 seconds
[2016.06.28-21.32.41:827][  0]LogContentBrowser: Native class hierarchy populated in 0.0179 seconds. Added 1792 classes and 301 folders.
[2016.06.28-21.32.42:246][  0]LogContentBrowser: Native class hierarchy updated for 'WidgetCarousel' in 0.0004 seconds. Added 0 classes and 0 folders.
[2016.06.28-21.32.42:693][  0]LogContentBrowser: Native class hierarchy updated for 'AddContentDialog' in 0.0004 seconds. Added 0 classes and 0 folders.
[2016.06.28-21.32.42:846][  0]LogContentBrowser: Native class hierarchy updated for 'SceneOutliner' in 0.0004 seconds. Added 1 classes and 2 folders.
[2016.06.28-21.32.43:915][  0]LogCrashTracker: Crashtracker disabled due to settings.
[2016.06.28-21.32.44:097][  0]LogD3D11RHI: InitD3DDevice
[2016.06.28-21.32.44:232][  0]LogUObjectGlobals:Warning: Failed to find object 'Class None.'
[2016.06.28-21.32.44:348][  0]LogLoad: Full Startup: 43.44 seconds (BP compile: 0.89 seconds)
[2016.06.28-21.32.45:469][  0]LogContentStreaming: Texture pool size is 0.000000MB
[2016.06.28-21.32.45:569][  0]LogContentStreaming: Texture pool size now 1000 MB
[2016.06.28-21.32.46:260][  0]LogRenderer: Reallocating scene render targets to support 1208x576 (Frame:2).
[2016.06.28-21.32.49:535][  9]LogAssetRegistry: Asset discovery search completed in 19.8250 seconds
[2016.06.28-21.32.55:531][523]LogD3D11RHI: InitD3DDevice
[2016.06.28-21.32.56:004][579]LogD3D11RHI: InitD3DDevice
[2016.06.28-21.32.57:290][715]LogD3D11RHI: InitD3DDevice
[2016.06.28-21.32.58:590][869]LogD3D11RHI: InitD3DDevice
[2016.06.28-21.33.02:009][274]SourceControl:Error: Error Failed to enable Git source control. You need to initialize the project as a Git repository first.
[2016.06.28-21.33.02:011][274]LogD3D11RHI: InitD3DDevice
[2016.06.28-21.33.04:468][542]LogD3D11RHI: InitD3DDevice
[2016.06.28-21.33.09:236][ 85]LogWindowsTextInputMethodSystem:Display: IME system now deactivated.
[2016.06.28-21.33.10:039][ 86]Cmd: QUIT_EDITOR
[2016.06.28-21.33.10:326][ 86]LogExit: Preparing to exit.
[2016.06.28-21.33.11:323][ 86]LogExit: Editor shut down
[2016.06.28-21.33.11:323][ 86]LogExit: Transaction tracking system shut down
[2016.06.28-21.33.11:325][ 86]LogParticles: Destroying 0 GPU particle simulations for FXSystem 0x000000B542ECA0C0
[2016.06.28-21.33.11:325][ 86]LogParticles: Destroying 0 GPU particle simulations for FXSystem 0x000000B574BE5300
[2016.06.28-21.33.12:002][ 86]LogExit: Object subsystem successfully closed.
[2016.06.28-21.33.12:143][ 86]LogD3D11RHI: Shutdown
[2016.06.28-21.33.12:143][ 86]LogD3D11RHI: CleanupD3DDevice
[2016.06.28-21.33.12:273][ 86]LogD3D11RHI: ~FD3D11DynamicRHI
[2016.06.28-21.33.12:371][ 86]LogModuleManager: Shutting down and abandoning module CrashTracker (188)
[2016.06.28-21.33.12:371][ 86]LogModuleManager: Shutting down and abandoning module SceneOutliner (187)
[2016.06.28-21.33.12:384][ 86]LogModuleManager: Shutting down and abandoning module SuperSearch (186)
[2016.06.28-21.33.12:384][ 86]LogModuleManager: Shutting down and abandoning module WidgetCarousel (185)
[2016.06.28-21.33.12:384][ 86]LogModuleManager: Shutting down and abandoning module AddContentDialog (184)
[2016.06.28-21.33.12:400][ 86]LogModuleManager: Shutting down and abandoning module EditorWidgets (183)
[2016.06.28-21.33.12:400][ 86]LogModuleManager: Shutting down and abandoning module CollectionManager (182)
[2016.06.28-21.33.12:415][ 86]LogModuleManager: Shutting down and abandoning module StatsViewer (181)
[2016.06.28-21.33.12:426][ 86]LogModuleManager: Shutting down and abandoning module FoliageEdit (180)
[2016.06.28-21.33.12:427][ 86]LogModuleManager: Shutting down and abandoning module LandscapeEditor (179)
[2016.06.28-21.33.12:450][ 86]LogModuleManager: Shutting down and abandoning module ActorPickerMode (178)
[2016.06.28-21.33.12:450][ 86]LogModuleManager: Shutting down and abandoning module GeometryMode (177)
[2016.06.28-21.33.12:450][ 86]LogModuleManager: Shutting down and abandoning module TextureAlignMode (176)
[2016.06.28-21.33.12:450][ 86]LogModuleManager: Shutting down and abandoning module BspMode (175)
[2016.06.28-21.33.12:450][ 86]LogModuleManager: Shutting down and abandoning module PlacementMode (174)
[2016.06.28-21.33.12:451][ 86]LogModuleManager: Shutting down and abandoning module AutomationWorker (173)
[2016.06.28-21.33.12:451][ 86]LogModuleManager: Shutting down and abandoning module CharacterAI (172)
[2016.06.28-21.33.12:451][ 86]LogModuleManager: Shutting down and abandoning module SmartSnapping (171)
[2016.06.28-21.33.12:451][ 86]LogModuleManager: Shutting down and abandoning module ViewportSnapping (170)
[2016.06.28-21.33.12:451][ 86]LogModuleManager: Shutting down and abandoning module LogVisualizer (169)
[2016.06.28-21.33.12:452][ 86]LogModuleManager: Shutting down and abandoning module GameProjectGeneration (168)
[2016.06.28-21.33.12:464][ 86]LogModuleManager: Shutting down and abandoning module IntroTutorials (167)
[2016.06.28-21.33.12:484][ 86]LogModuleManager: Shutting down and abandoning module EditorLiveStreaming (166)
[2016.06.28-21.33.12:484][ 86]LogModuleManager: Shutting down and abandoning module IOSPlatformEditor (165)
[2016.06.28-21.33.12:497][ 86]LogModuleManager: Shutting down and abandoning module HTML5PlatformEditor (164)
[2016.06.28-21.33.12:497][ 86]LogModuleManager: Shutting down and abandoning module AndroidDeviceDetection (163)
[2016.06.28-21.33.13:177][ 86]LogModuleManager: Shutting down and abandoning module AndroidPlatformEditor (162)
[2016.06.28-21.33.13:177][ 86]LogModuleManager: Shutting down and abandoning module IOSRuntimeSettings (161)
[2016.06.28-21.33.13:177][ 86]LogModuleManager: Shutting down and abandoning module AndroidRuntimeSettings (160)
[2016.06.28-21.33.13:177][ 86]LogModuleManager: Shutting down and abandoning module MergeActors (159)
[2016.06.28-21.33.13:187][ 86]LogModuleManager: Shutting down and abandoning module SizeMap (158)
[2016.06.28-21.33.13:187][ 86]LogModuleManager: Shutting down and abandoning module TreeMap (157)
[2016.06.28-21.33.13:205][ 86]LogModuleManager: Shutting down and abandoning module ReferenceViewer (156)
[2016.06.28-21.33.13:205][ 86]LogModuleManager: Shutting down and abandoning module LocalizationDashboard (155)
[2016.06.28-21.33.13:206][ 86]LogModuleManager: Shutting down and abandoning module HardwareTargeting (154)
[2016.06.28-21.33.13:206][ 86]LogModuleManager: Shutting down and abandoning module DeviceProfileEditor (153)
[2016.06.28-21.33.13:206][ 86]LogModuleManager: Shutting down and abandoning module UndoHistory (152)
[2016.06.28-21.33.13:207][ 86]LogModuleManager: Shutting down and abandoning module GameplayTagsEditor (151)
[2016.06.28-21.33.13:207][ 86]LogModuleManager: Shutting down and abandoning module UserFeedback (150)
[2016.06.28-21.33.13:207][ 86]LogModuleManager: Shutting down and abandoning module XmlParser (149)
[2016.06.28-21.33.13:207][ 86]LogModuleManager: Shutting down and abandoning module Blutility (148)
[2016.06.28-21.33.13:207][ 86]LogModuleManager: Shutting down and abandoning module ProjectTargetPlatformEditor (147)
[2016.06.28-21.33.13:208][ 86]LogModuleManager: Shutting down and abandoning module ProjectSettingsViewer (146)
[2016.06.28-21.33.13:208][ 86]LogModuleManager: Shutting down and abandoning module InputBindingEditor (145)
[2016.06.28-21.33.13:209][ 86]LogModuleManager: Shutting down and abandoning module EditorSettingsViewer (144)
[2016.06.28-21.33.13:210][ 86]LogModuleManager: Shutting down and abandoning module SettingsEditor (143)
[2016.06.28-21.33.13:211][ 86]LogModuleManager: Shutting down and abandoning module ProjectLauncher (142)
[2016.06.28-21.33.13:236][ 86]LogModuleManager: Shutting down and abandoning module SessionFrontend (141)
[2016.06.28-21.33.13:249][ 86]LogModuleManager: Shutting down and abandoning module ProfilerClient (140)
[2016.06.28-21.33.13:249][ 86]LogModuleManager: Shutting down and abandoning module TargetDeviceServices (139)
[2016.06.28-21.33.13:250][ 86]LogModuleManager: Shutting down and abandoning module DeviceManager (138)
[2016.06.28-21.33.13:250][ 86]LogModuleManager: Shutting down and abandoning module AutomationController (137)
[2016.06.28-21.33.13:251][ 86]LogModuleManager: Shutting down and abandoning module AutomationWindow (136)
[2016.06.28-21.33.13:266][ 86]LogModuleManager: Shutting down and abandoning module Layers (135)
[2016.06.28-21.33.13:270][ 86]LogModuleManager: Shutting down and abandoning module ComponentVisualizers (134)
[2016.06.28-21.33.13:270][ 86]LogModuleManager: Shutting down and abandoning module DetailCustomizations (133)
[2016.06.28-21.33.13:282][ 86]LogModuleManager: Shutting down and abandoning module PackagesDialog (132)
[2016.06.28-21.33.13:285][ 86]LogModuleManager: Shutting down and abandoning module AssetRegistry (131)
[2016.06.28-21.33.13:413][ 86]LogModuleManager: Shutting down and abandoning module Persona (130)
[2016.06.28-21.33.13:439][ 86]LogModuleManager: Shutting down and abandoning module Kismet (129)
[2016.06.28-21.33.13:450][ 86]LogModuleManager: Shutting down and abandoning module GraphEditor (128)
[2016.06.28-21.33.13:477][ 86]LogModuleManager: Shutting down and abandoning module ClassViewer (127)
[2016.06.28-21.33.13:478][ 86]LogModuleManager: Shutting down and abandoning module Toolbox (126)
[2016.06.28-21.33.13:478][ 86]LogModuleManager: Shutting down and abandoning module ModuleUI (125)
[2016.06.28-21.33.13:493][ 86]LogModuleManager: Shutting down and abandoning module MovieSceneTools (124)
[2016.06.28-21.33.13:505][ 86]LogModuleManager: Shutting down and abandoning module OutputLog (123)
[2016.06.28-21.33.13:505][ 86]LogModuleManager: Shutting down and abandoning module GammaUI (122)
[2016.06.28-21.33.13:506][ 86]LogModuleManager: Shutting down and abandoning module Documentation (121)
[2016.06.28-21.33.13:506][ 86]LogModuleManager: Shutting down and abandoning module GameLiveStreaming (120)
[2016.06.28-21.33.13:506][ 86]LogModuleManager: Shutting down and abandoning module StreamingPauseRendering (119)
[2016.06.28-21.33.13:506][ 86]LogModuleManager: Shutting down and abandoning module AnalyticsET (118)
[2016.06.28-21.33.13:506][ 86]LogModuleManager: Shutting down and abandoning module Analytics (117)
[2016.06.28-21.33.13:506][ 86]LogModuleManager: Shutting down and abandoning module AITestSuite (116)
[2016.06.28-21.33.13:507][ 86]LogModuleManager: Shutting down and abandoning module GameplayDebugger (115)
[2016.06.28-21.33.13:507][ 86]LogModuleManager: Shutting down and abandoning module AIModule (114)
[2016.06.28-21.33.13:515][ 86]LogModuleManager: Shutting down and abandoning module ProfilerService (113)
[2016.06.28-21.33.13:604][ 86]LogModuleManager: Shutting down and abandoning module TaskGraph (112)
[2016.06.28-21.33.13:627][ 86]LogModuleManager: Shutting down and abandoning module SlateRemote (111)
[2016.06.28-21.33.13:627][ 86]LogModuleManager: Shutting down and abandoning module SteamVRController (110)
[2016.06.28-21.33.13:627][ 86]LogModuleManager: Shutting down and abandoning module SteamVR (109)
[2016.06.28-21.33.13:627][ 86]LogModuleManager: Shutting down and abandoning module ProceduralMeshComponent (108)
[2016.06.28-21.33.13:627][ 86]LogModuleManager: Shutting down and abandoning module OculusRift (107)
[2016.06.28-21.33.13:627][ 86]LogModuleManager: Shutting down and abandoning module LeapMotionController (106)
[2016.06.28-21.33.13:644][ 86]LogModuleManager: Shutting down and abandoning module CustomMeshComponent (105)
[2016.06.28-21.33.13:644][ 86]LogModuleManager: Shutting down and abandoning module CableComponent (104)
[2016.06.28-21.33.13:644][ 86]LogModuleManager: Shutting down and abandoning module MessagingDebugger (103)
[2016.06.28-21.33.13:677][ 86]LogModuleManager: Shutting down and abandoning module MediaPlayerEditor (102)
[2016.06.28-21.33.13:679][ 86]LogModuleManager: Shutting down and abandoning module SpeedTreeImporter (101)
[2016.06.28-21.33.13:679][ 86]LogModuleManager: Shutting down and abandoning module PluginBrowser (100)
[2016.06.28-21.33.13:679][ 86]LogModuleManager: Shutting down and abandoning module EpicSurvey (99)
[2016.06.28-21.33.13:679][ 86]LogModuleManager: Shutting down and abandoning module DesktopPlatform (98)
[2016.06.28-21.33.13:681][ 86]LogModuleManager: Shutting down and abandoning module VisualStudioSourceCodeAccess (97)
[2016.06.28-21.33.13:682][ 86]LogModuleManager: Shutting down and abandoning module UObjectPlugin (96)
[2016.06.28-21.33.13:682][ 86]LogModuleManager: Shutting down and abandoning module SubversionSourceControl (95)
[2016.06.28-21.33.13:683][ 86]LogModuleManager: Shutting down and abandoning module PerforceSourceControl (94)
[2016.06.28-21.33.13:692][ 86]LogModuleManager: Shutting down and abandoning module SourceControl (93)
[2016.06.28-21.33.13:692][ 86]LogModuleManager: Shutting down and abandoning module GitSourceControl (92)
[2016.06.28-21.33.13:692][ 86]LogModuleManager: Shutting down and abandoning module BlankPlugin (91)
[2016.06.28-21.33.13:692][ 86]LogModuleManager: Shutting down and abandoning module PaperTiledImporter (90)
[2016.06.28-21.33.13:692][ 86]LogModuleManager: Shutting down and abandoning module PaperSpriteSheetImporter (89)
[2016.06.28-21.33.13:692][ 86]LogModuleManager: Shutting down and abandoning module MeshPaint (88)
[2016.06.28-21.33.13:692][ 86]LogModuleManager: Shutting down and abandoning module SlateReflector (87)
[2016.06.28-21.33.13:706][ 86]LogModuleManager: Shutting down and abandoning module DirectoryWatcher (86)
[2016.06.28-21.33.13:707][ 86]LogModuleManager: Shutting down and abandoning module HotReload (85)
[2016.06.28-21.33.13:707][ 86]LogModuleManager: Shutting down and abandoning module MainFrame (84)
[2016.06.28-21.33.13:707][ 86]LogModuleManager: Shutting down and abandoning module LevelEditor (83)
[2016.06.28-21.33.13:709][ 86]LogModuleManager: Shutting down and abandoning module ContentBrowser (82)
[2016.06.28-21.33.13:710][ 86]LogModuleManager: Shutting down and abandoning module Paper2DEditor (81)
[2016.06.28-21.33.13:738][ 86]LogModuleManager: Shutting down and abandoning module UdpMessaging (80)
[2016.06.28-21.33.13:839][ 86]LogModuleManager: Shutting down and abandoning module Paper2D (79)
[2016.06.28-21.33.13:860][ 86]LogModuleManager: Shutting down and abandoning module WindowsMoviePlayer (78)
[2016.06.28-21.33.13:865][ 86]LogModuleManager: Shutting down and abandoning module Media (77)
[2016.06.28-21.33.13:865][ 86]LogModuleManager: Shutting down and abandoning module WmfMedia (76)
[2016.06.28-21.33.13:865][ 86]LogModuleManager: Shutting down and abandoning module OnlineBlueprintSupport (75)
[2016.06.28-21.33.13:865][ 86]LogModuleManager: Shutting down and abandoning module PropertyEditor (74)
[2016.06.28-21.33.13:865][ 86]LogModuleManager: Shutting down and abandoning module BehaviorTreeEditor (73)
[2016.06.28-21.33.13:887][ 86]LogModuleManager: Shutting down and abandoning module FunctionalTesting (72)
[2016.06.28-21.33.13:887][ 86]LogModuleManager: Shutting down and abandoning module CollisionAnalyzer (71)
[2016.06.28-21.33.13:889][ 86]LogModuleManager: Shutting down and abandoning module WorkspaceMenuStructure (70)
[2016.06.28-21.33.13:889][ 86]LogModuleManager: Shutting down and abandoning module MessageLog (69)
[2016.06.28-21.33.13:889][ 86]LogModuleManager: Shutting down and abandoning module Sequencer (68)
[2016.06.28-21.33.13:892][ 86]LogModuleManager: Shutting down and abandoning module AssetTools (67)
[2016.06.28-21.33.13:904][ 86]LogModuleManager: Shutting down and abandoning module UMGEditor (66)
[2016.06.28-21.33.13:924][ 86]LogModuleManager: Shutting down and abandoning module UMG (65)
[2016.06.28-21.33.13:939][ 86]LogModuleManager: Shutting down and abandoning module Slate (64)
[2016.06.28-21.33.13:939][ 86]LogModuleManager: Shutting down and abandoning module EditorStyle (63)
[2016.06.28-21.33.13:942][ 86]LogModuleManager: Shutting down and abandoning module SessionServices (62)
[2016.06.28-21.33.13:942][ 86]LogModuleManager: Shutting down and abandoning module SourceCodeAccess (61)
[2016.06.28-21.33.13:942][ 86]LogModuleManager: Shutting down and abandoning module HeadMountedDisplay (60)
[2016.06.28-21.33.13:942][ 86]LogModuleManager: Shutting down and abandoning module XAudio2 (59)
[2016.06.28-21.33.13:942][ 86]LogModuleManager: Shutting down and abandoning module Networking (57)
[2016.06.28-21.33.13:942][ 86]LogModuleManager: Shutting down and abandoning module Core (56)
[2016.06.28-21.33.13:942][ 86]LogModuleManager: Shutting down and abandoning module KismetCompiler (55)
[2016.06.28-21.33.13:943][ 86]LogModuleManager: Shutting down and abandoning module PhysXFormats (54)
[2016.06.28-21.33.13:943][ 86]LogModuleManager: Shutting down and abandoning module MeshUtilities (53)
[2016.06.28-21.33.13:944][ 86]LogModuleManager: Shutting down and abandoning module DerivedDataCache (52)
[2016.06.28-21.33.14:033][ 86]LogDerivedDataCache: Shutdown
[2016.06.28-21.33.14:033][ 86]LogModuleManager: Shutting down and abandoning module ShaderFormatOpenGL (51)
[2016.06.28-21.33.14:040][ 86]LogModuleManager: Shutting down and abandoning module ShaderFormatD3D (50)
[2016.06.28-21.33.14:040][ 86]LogModuleManager: Shutting down and abandoning module MetalShaderFormat (49)
[2016.06.28-21.33.14:056][ 86]LogModuleManager: Shutting down and abandoning module TextureFormatUncompressed (48)
[2016.06.28-21.33.14:056][ 86]LogModuleManager: Shutting down and abandoning module TextureFormatPVR (47)
[2016.06.28-21.33.14:056][ 86]LogModuleManager: Shutting down and abandoning module TextureFormatIntelISPCTexComp (46)
[2016.06.28-21.33.14:056][ 86]LogModuleManager: Shutting down and abandoning module TextureFormatDXT (45)
[2016.06.28-21.33.14:056][ 86]LogModuleManager: Shutting down and abandoning module ImageWrapper (44)
[2016.06.28-21.33.14:056][ 86]LogModuleManager: Shutting down and abandoning module TextureFormatASTC (43)
[2016.06.28-21.33.14:056][ 86]LogModuleManager: Shutting down and abandoning module TextureFormatAndroid (42)
[2016.06.28-21.33.14:056][ 86]LogModuleManager: Shutting down and abandoning module AudioFormatOpus (41)
[2016.06.28-21.33.14:057][ 86]LogModuleManager: Shutting down and abandoning module AudioFormatOgg (40)
[2016.06.28-21.33.14:057][ 86]LogModuleManager: Shutting down and abandoning module AudioFormatADPCM (39)
[2016.06.28-21.33.14:057][ 86]LogModuleManager: Shutting down and abandoning module LinuxTargetPlatform (38)
[2016.06.28-21.33.14:057][ 86]LogModuleManager: Shutting down and abandoning module LinuxServerTargetPlatform (37)
[2016.06.28-21.33.14:057][ 86]LogModuleManager: Shutting down and abandoning module LinuxNoEditorTargetPlatform (36)
[2016.06.28-21.33.14:057][ 86]LogModuleManager: Shutting down and abandoning module Messaging (35)
[2016.06.28-21.33.14:057][ 86]LogModuleManager: Shutting down and abandoning module IOSTargetPlatform (34)
[2016.06.28-21.33.14:057][ 86]LogModuleManager: Shutting down and abandoning module HTML5TargetPlatform (33)
[2016.06.28-21.33.14:057][ 86]LogModuleManager: Shutting down and abandoning module Android_PVRTCTargetPlatform (32)
[2016.06.28-21.33.14:057][ 86]LogModuleManager: Shutting down and abandoning module Android_ETC2TargetPlatform (31)
[2016.06.28-21.33.14:057][ 86]LogModuleManager: Shutting down and abandoning module Android_ETC1TargetPlatform (30)
[2016.06.28-21.33.14:057][ 86]LogModuleManager: Shutting down and abandoning module Android_DXTTargetPlatform (29)
[2016.06.28-21.33.14:057][ 86]LogModuleManager: Shutting down and abandoning module Android_ATCTargetPlatform (28)
[2016.06.28-21.33.14:057][ 86]LogModuleManager: Shutting down and abandoning module Android_ASTCTargetPlatform (27)
[2016.06.28-21.33.14:057][ 86]LogModuleManager: Shutting down and abandoning module AndroidTargetPlatform (26)
[2016.06.28-21.33.14:057][ 86]LogModuleManager: Shutting down and abandoning module WindowsTargetPlatform (25)
[2016.06.28-21.33.14:057][ 86]LogModuleManager: Shutting down and abandoning module WindowsServerTargetPlatform (24)
[2016.06.28-21.33.14:057][ 86]LogModuleManager: Shutting down and abandoning module WindowsNoEditorTargetPlatform (23)
[2016.06.28-21.33.14:057][ 86]LogModuleManager: Shutting down and abandoning module WindowsClientTargetPlatform (22)
[2016.06.28-21.33.14:057][ 86]LogModuleManager: Shutting down and abandoning module DesktopTargetPlatform (21)
[2016.06.28-21.33.14:057][ 86]LogModuleManager: Shutting down and abandoning module TargetPlatform (20)
[2016.06.28-21.33.14:057][ 86]LogModuleManager: Shutting down and abandoning module InputCore (19)
[2016.06.28-21.33.14:057][ 86]LogModuleManager: Shutting down and abandoning module Settings (18)
[2016.06.28-21.33.14:057][ 86]LogModuleManager: Shutting down and abandoning module OnlineSubsystem (16)
[2016.06.28-21.33.14:057][ 86]LogModuleManager: Shutting down and abandoning module HTTP (15)
[2016.06.28-21.33.14:058][ 86]LogModuleManager: Shutting down and abandoning module ExampleDeviceProfileSelector (14)
[2016.06.28-21.33.14:058][ 86]LogModuleManager: Shutting down and abandoning module TextureCompressor (13)
[2016.06.28-21.33.14:058][ 86]LogModuleManager: Shutting down and abandoning module ShaderCore (12)
[2016.06.28-21.33.14:058][ 86]LogModuleManager: Shutting down and abandoning module Landscape (11)
[2016.06.28-21.33.14:058][ 86]LogModuleManager: Shutting down and abandoning module SlateRHIRenderer (10)
[2016.06.28-21.33.14:083][ 86]LogModuleManager: Shutting down and abandoning module OpenGLDrv (9)
[2016.06.28-21.33.14:097][ 86]LogModuleManager: Shutting down and abandoning module D3D11RHI (8)
[2016.06.28-21.33.14:097][ 86]LogModuleManager: Shutting down and abandoning module Renderer (7)
[2016.06.28-21.33.14:097][ 86]LogModuleManager: Shutting down and abandoning module Engine (6)
[2016.06.28-21.33.14:097][ 86]LogModuleManager: Shutting down and abandoning module CoreUObject (5)
[2016.06.28-21.33.14:097][ 86]LogModuleManager: Shutting down and abandoning module NetworkFile (4)
[2016.06.28-21.33.14:098][ 86]LogModuleManager: Shutting down and abandoning module StreamingFile (3)
[2016.06.28-21.33.14:098][ 86]LogModuleManager: Shutting down and abandoning module SandboxFile (2)
[2016.06.28-21.33.14:098][ 86]LogModuleManager: Shutting down and abandoning module PakFile (1)
[2016.06.28-21.33.14:110][ 86]LogExit: Exiting.
[2016.06.28-21.33.14:112][ 86]Log file closed, 06/28/16 22:33:14
